Fetching(Patch0): http://dev.lightcube.us/sources/flex/flex-2.5.35-gcc44-1.patch
Fetching(Source0): http://dev.lightcube.us/sources/flex/flex-2.5.35.tar.bz2
Executing(%prep): /bin/sh -e /var/tmp/rpm-tmp.45941
+ umask 022
+ cd /usr/src/rpm/BUILD
+ cd /usr/src/rpm/BUILD
+ rm -rf flex-2.5.35
+ /bin/bzip2 -dc /usr/src/rpm/SOURCES/flex-2.5.35.tar.bz2
+ /bin/tar -xf -
+ STATUS=0
+ '[' 0 -ne 0 ']'
+ cd flex-2.5.35
+ echo 'Patch #0 (flex-2.5.35-gcc44-1.patch):'
Patch #0 (flex-2.5.35-gcc44-1.patch):
+ /bin/cat /usr/src/rpm/SOURCES/flex-2.5.35-gcc44-1.patch
+ /usr/bin/patch -s -p1
+ exit 0
Executing(%build): /bin/sh -e /var/tmp/rpm-tmp.48392
+ umask 022
+ cd /usr/src/rpm/BUILD
+ cd flex-2.5.35
+ export 'CFLAGS=-Os -pipe'
+ CFLAGS='-Os -pipe'
+ ./configure --prefix=/usr --libdir=/usr/lib64 --infodir=/usr/share/info --mandir=/usr/share/man
checking for a BSD-compatible install... /usr/bin/install -c
checking whether build environment is sane... yes
checking for gawk... gawk
checking whether make sets $(MAKE)... yes
checking whether NLS is requested... yes
checking for msgfmt... /usr/bin/msgfmt
checking for gmsgfmt... /usr/bin/msgfmt
checking for xgettext... /usr/bin/xgettext
checking for msgmerge... /usr/bin/msgmerge
checking for style of include used by make... GNU
checking for gcc... gcc
checking for C compiler default output file name... a.out
checking whether the C compiler works... yes
checking whether we are cross compiling... no
checking for suffix of executables... 
checking for suffix of object files... o
checking whether we are using the GNU C compiler... yes
checking whether gcc accepts -g... yes
checking for gcc option to accept ANSI C... none needed
checking dependency style of gcc... gcc3
checking build system type... x86_64-unknown-linux-gnu
checking host system type... x86_64-unknown-linux-gnu
checking for ld used by GCC... /usr/bin/ld
checking if the linker (/usr/bin/ld) is GNU ld... yes
checking for shared library run path origin... done
checking whether NLS is requested... yes
checking for GNU gettext in libc... yes
checking whether to use NLS... yes
checking where the gettext function comes from... libc
checking for bison... bison -y
checking for flex... no
checking for lex... no
checking for yywrap in -lfl... no
checking for yywrap in -ll... no
checking for gcc... (cached) gcc
checking whether we are using the GNU C compiler... (cached) yes
checking whether gcc accepts -g... (cached) yes
checking for gcc option to accept ANSI C... (cached) none needed
checking dependency style of gcc... (cached) gcc3
checking for g++... g++
checking whether we are using the GNU C++ compiler... yes
checking whether g++ accepts -g... yes
checking dependency style of g++... gcc3
checking whether ln -s works... yes
checking for ranlib... ranlib
checking for gawk... (cached) gawk
checking for a BSD-compatible install... /usr/bin/install -c
checking for bison... /usr/bin/bison
checking for help2man... help2man
checking for gm4... no
checking for gnum4... no
checking for m4... /usr/bin/m4
checking for GNU m4... yes
checking for indent... indent
configure: WARNING: no indent program found: make indent target will not function
checking how to run the C preprocessor... gcc -E
checking for egrep... grep -E
checking for working alloca.h... yes
checking for alloca... yes
checking for ANSI C header files... yes
checking for sys/wait.h that is POSIX.1 compatible... yes
checking for sys/types.h... yes
checking for sys/stat.h... yes
checking for stdlib.h... yes
checking for string.h... yes
checking for memory.h... yes
checking for strings.h... yes
checking for inttypes.h... yes
checking for stdint.h... yes
checking for unistd.h... yes
checking for inttypes.h... (cached) yes
checking libintl.h usability... yes
checking libintl.h presence... yes
checking for libintl.h... yes
checking limits.h usability... yes
checking limits.h presence... yes
checking for limits.h... yes
checking locale.h usability... yes
checking locale.h presence... yes
checking for locale.h... yes
checking malloc.h usability... yes
checking malloc.h presence... yes
checking for malloc.h... yes
checking netinet/in.h usability... yes
checking netinet/in.h presence... yes
checking for netinet/in.h... yes
checking stddef.h usability... yes
checking stddef.h presence... yes
checking for stddef.h... yes
checking for stdlib.h... (cached) yes
checking for string.h... (cached) yes
checking for strings.h... (cached) yes
checking for unistd.h... (cached) yes
checking for log10 in -lm... yes
checking for pthread_mutex_lock in -lpthread... yes
checking pthread.h usability... yes
checking pthread.h presence... yes
checking for pthread.h... yes
checking for stdbool.h that conforms to C99... yes
checking for _Bool... yes
checking for an ANSI C-conforming const... yes
checking for size_t... yes
checking for pid_t... yes
checking for unistd.h... (cached) yes
checking vfork.h usability... no
checking vfork.h presence... no
checking for vfork.h... no
checking for fork... yes
checking for vfork... yes
checking for working fork... yes
checking for working vfork... (cached) yes
checking for stdlib.h... (cached) yes
checking for GNU libc compatible malloc... yes
checking for stdlib.h... (cached) yes
checking for GNU libc compatible realloc... yes
checking for dup2... yes
checking for isascii... yes
checking for memset... yes
checking for pow... yes
checking for regcomp... yes
checking for setlocale... yes
checking for strchr... yes
checking for strtol... yes
configure: creating ./config.status
config.status: creating Makefile
config.status: creating doc/Makefile
config.status: creating examples/Makefile
config.status: creating examples/fastwc/Makefile
config.status: creating examples/manual/Makefile
config.status: creating m4/Makefile
config.status: creating po/Makefile.in
config.status: creating tools/Makefile
config.status: creating tests/Makefile
config.status: creating tests/TEMPLATE/Makefile
config.status: creating tests/test-array-nr/Makefile
config.status: creating tests/test-array-r/Makefile
config.status: creating tests/test-basic-nr/Makefile
config.status: creating tests/test-basic-r/Makefile
config.status: creating tests/test-bison-yylloc/Makefile
config.status: creating tests/test-bison-yylval/Makefile
config.status: creating tests/test-c-cpp-nr/Makefile
config.status: creating tests/test-c-cpp-r/Makefile
config.status: creating tests/test-header-nr/Makefile
config.status: creating tests/test-header-r/Makefile
config.status: creating tests/test-include-by-buffer/Makefile
config.status: creating tests/test-include-by-push/Makefile
config.status: creating tests/test-include-by-reentrant/Makefile
config.status: creating tests/test-multiple-scanners-nr/Makefile
config.status: creating tests/test-multiple-scanners-r/Makefile
config.status: creating tests/test-noansi-nr/Makefile
config.status: creating tests/test-noansi-r/Makefile
config.status: creating tests/test-prefix-nr/Makefile
config.status: creating tests/test-prefix-r/Makefile
config.status: creating tests/test-pthread/Makefile
config.status: creating tests/test-string-nr/Makefile
config.status: creating tests/test-string-r/Makefile
config.status: creating tests/test-yyextra/Makefile
config.status: creating tests/test-alloc-extra/Makefile
config.status: creating tests/test-lineno-nr/Makefile
config.status: creating tests/test-lineno-r/Makefile
config.status: creating tests/test-linedir-r/Makefile
config.status: creating tests/test-debug-r/Makefile
config.status: creating tests/test-debug-nr/Makefile
config.status: creating tests/test-mem-nr/Makefile
config.status: creating tests/test-mem-r/Makefile
config.status: creating tests/test-posix/Makefile
config.status: creating tests/test-posixly-correct/Makefile
config.status: creating tests/test-table-opts/Makefile
config.status: creating tests/test-c++-basic/Makefile
config.status: creating tests/test-bison-nr/Makefile
config.status: creating tests/test-reject/Makefile
config.status: creating tests/test-c++-multiple-scanners/Makefile
config.status: creating tests/test-top/Makefile
config.status: creating tests/test-rescan-nr/Makefile
config.status: creating tests/test-rescan-r/Makefile
config.status: creating tests/test-quotes/Makefile
config.status: creating tests/test-ccl/Makefile
config.status: creating tests/test-extended/Makefile
config.status: creating tests/test-c++-yywrap/Makefile
config.status: creating tests/test-concatenated-options/Makefile
config.status: creating config.h
config.status: executing default-1 commands
config.status: creating po/POTFILES
config.status: creating po/Makefile
config.status: executing depfiles commands
+ make -j4
make  all-recursive
make[1]: Entering directory `/usr/src/rpm/BUILD/flex-2.5.35'
Making all in .
make[2]: Entering directory `/usr/src/rpm/BUILD/flex-2.5.35'
if gcc -DHAVE_CONFIG_H -I. -I. -I.  -DLOCALEDIR=\"/usr/share/locale\" -I./intl   -Os -pipe -MT libmain.o -MD -MP -MF ".deps/libmain.Tpo" -c -o libmain.o libmain.c; \
then mv -f ".deps/libmain.Tpo" ".deps/libmain.Po"; else rm -f ".deps/libmain.Tpo"; exit 1; fi
if gcc -DHAVE_CONFIG_H -I. -I. -I.  -DLOCALEDIR=\"/usr/share/locale\" -I./intl   -Os -pipe -MT libyywrap.o -MD -MP -MF ".deps/libyywrap.Tpo" -c -o libyywrap.o libyywrap.c; \
then mv -f ".deps/libyywrap.Tpo" ".deps/libyywrap.Po"; else rm -f ".deps/libyywrap.Tpo"; exit 1; fi
if gcc -DHAVE_CONFIG_H -I. -I. -I.  -DLOCALEDIR=\"/usr/share/locale\" -I./intl  -fPIC  -Os -pipe -MT libfl_pic_a-libmain.o -MD -MP -MF ".deps/libfl_pic_a-libmain.Tpo" -c -o libfl_pic_a-libmain.o `test -f 'libmain.c' || echo './'`libmain.c; \
then mv -f ".deps/libfl_pic_a-libmain.Tpo" ".deps/libfl_pic_a-libmain.Po"; else rm -f ".deps/libfl_pic_a-libmain.Tpo"; exit 1; fi
if gcc -DHAVE_CONFIG_H -I. -I. -I.  -DLOCALEDIR=\"/usr/share/locale\" -I./intl  -fPIC  -Os -pipe -MT libfl_pic_a-libyywrap.o -MD -MP -MF ".deps/libfl_pic_a-libyywrap.Tpo" -c -o libfl_pic_a-libyywrap.o `test -f 'libyywrap.c' || echo './'`libyywrap.c; \
then mv -f ".deps/libfl_pic_a-libyywrap.Tpo" ".deps/libfl_pic_a-libyywrap.Po"; else rm -f ".deps/libfl_pic_a-libyywrap.Tpo"; exit 1; fi
if gcc -DHAVE_CONFIG_H -I. -I. -I.  -DLOCALEDIR=\"/usr/share/locale\" -I./intl   -Os -pipe -MT ccl.o -MD -MP -MF ".deps/ccl.Tpo" -c -o ccl.o ccl.c; \
then mv -f ".deps/ccl.Tpo" ".deps/ccl.Po"; else rm -f ".deps/ccl.Tpo"; exit 1; fi
if gcc -DHAVE_CONFIG_H -I. -I. -I.  -DLOCALEDIR=\"/usr/share/locale\" -I./intl   -Os -pipe -MT dfa.o -MD -MP -MF ".deps/dfa.Tpo" -c -o dfa.o dfa.c; \
then mv -f ".deps/dfa.Tpo" ".deps/dfa.Po"; else rm -f ".deps/dfa.Tpo"; exit 1; fi
if gcc -DHAVE_CONFIG_H -I. -I. -I.  -DLOCALEDIR=\"/usr/share/locale\" -I./intl   -Os -pipe -MT ecs.o -MD -MP -MF ".deps/ecs.Tpo" -c -o ecs.o ecs.c; \
then mv -f ".deps/ecs.Tpo" ".deps/ecs.Po"; else rm -f ".deps/ecs.Tpo"; exit 1; fi
if gcc -DHAVE_CONFIG_H -I. -I. -I.  -DLOCALEDIR=\"/usr/share/locale\" -I./intl   -Os -pipe -MT scanflags.o -MD -MP -MF ".deps/scanflags.Tpo" -c -o scanflags.o scanflags.c; \
then mv -f ".deps/scanflags.Tpo" ".deps/scanflags.Po"; else rm -f ".deps/scanflags.Tpo"; exit 1; fi
if gcc -DHAVE_CONFIG_H -I. -I. -I.  -DLOCALEDIR=\"/usr/share/locale\" -I./intl   -Os -pipe -MT gen.o -MD -MP -MF ".deps/gen.Tpo" -c -o gen.o gen.c; \
then mv -f ".deps/gen.Tpo" ".deps/gen.Po"; else rm -f ".deps/gen.Tpo"; exit 1; fi
if gcc -DHAVE_CONFIG_H -I. -I. -I.  -DLOCALEDIR=\"/usr/share/locale\" -I./intl   -Os -pipe -MT main.o -MD -MP -MF ".deps/main.Tpo" -c -o main.o main.c; \
then mv -f ".deps/main.Tpo" ".deps/main.Po"; else rm -f ".deps/main.Tpo"; exit 1; fi
if gcc -DHAVE_CONFIG_H -I. -I. -I.  -DLOCALEDIR=\"/usr/share/locale\" -I./intl   -Os -pipe -MT misc.o -MD -MP -MF ".deps/misc.Tpo" -c -o misc.o misc.c; \
then mv -f ".deps/misc.Tpo" ".deps/misc.Po"; else rm -f ".deps/misc.Tpo"; exit 1; fi
if gcc -DHAVE_CONFIG_H -I. -I. -I.  -DLOCALEDIR=\"/usr/share/locale\" -I./intl   -Os -pipe -MT nfa.o -MD -MP -MF ".deps/nfa.Tpo" -c -o nfa.o nfa.c; \
then mv -f ".deps/nfa.Tpo" ".deps/nfa.Po"; else rm -f ".deps/nfa.Tpo"; exit 1; fi
if gcc -DHAVE_CONFIG_H -I. -I. -I.  -DLOCALEDIR=\"/usr/share/locale\" -I./intl   -Os -pipe -MT parse.o -MD -MP -MF ".deps/parse.Tpo" -c -o parse.o parse.c; \
then mv -f ".deps/parse.Tpo" ".deps/parse.Po"; else rm -f ".deps/parse.Tpo"; exit 1; fi
if gcc -DHAVE_CONFIG_H -I. -I. -I.  -DLOCALEDIR=\"/usr/share/locale\" -I./intl   -Os -pipe -MT scan.o -MD -MP -MF ".deps/scan.Tpo" -c -o scan.o scan.c; \
then mv -f ".deps/scan.Tpo" ".deps/scan.Po"; else rm -f ".deps/scan.Tpo"; exit 1; fi
if gcc -DHAVE_CONFIG_H -I. -I. -I.  -DLOCALEDIR=\"/usr/share/locale\" -I./intl   -Os -pipe -MT skel.o -MD -MP -MF ".deps/skel.Tpo" -c -o skel.o skel.c; \
then mv -f ".deps/skel.Tpo" ".deps/skel.Po"; else rm -f ".deps/skel.Tpo"; exit 1; fi
if gcc -DHAVE_CONFIG_H -I. -I. -I.  -DLOCALEDIR=\"/usr/share/locale\" -I./intl   -Os -pipe -MT sym.o -MD -MP -MF ".deps/sym.Tpo" -c -o sym.o sym.c; \
then mv -f ".deps/sym.Tpo" ".deps/sym.Po"; else rm -f ".deps/sym.Tpo"; exit 1; fi
if gcc -DHAVE_CONFIG_H -I. -I. -I.  -DLOCALEDIR=\"/usr/share/locale\" -I./intl   -Os -pipe -MT tblcmp.o -MD -MP -MF ".deps/tblcmp.Tpo" -c -o tblcmp.o tblcmp.c; \
then mv -f ".deps/tblcmp.Tpo" ".deps/tblcmp.Po"; else rm -f ".deps/tblcmp.Tpo"; exit 1; fi
if gcc -DHAVE_CONFIG_H -I. -I. -I.  -DLOCALEDIR=\"/usr/share/locale\" -I./intl   -Os -pipe -MT yylex.o -MD -MP -MF ".deps/yylex.Tpo" -c -o yylex.o yylex.c; \
then mv -f ".deps/yylex.Tpo" ".deps/yylex.Po"; else rm -f ".deps/yylex.Tpo"; exit 1; fi
if gcc -DHAVE_CONFIG_H -I. -I. -I.  -DLOCALEDIR=\"/usr/share/locale\" -I./intl   -Os -pipe -MT options.o -MD -MP -MF ".deps/options.Tpo" -c -o options.o options.c; \
then mv -f ".deps/options.Tpo" ".deps/options.Po"; else rm -f ".deps/options.Tpo"; exit 1; fi
if gcc -DHAVE_CONFIG_H -I. -I. -I.  -DLOCALEDIR=\"/usr/share/locale\" -I./intl   -Os -pipe -MT scanopt.o -MD -MP -MF ".deps/scanopt.Tpo" -c -o scanopt.o scanopt.c; \
then mv -f ".deps/scanopt.Tpo" ".deps/scanopt.Po"; else rm -f ".deps/scanopt.Tpo"; exit 1; fi
if gcc -DHAVE_CONFIG_H -I. -I. -I.  -DLOCALEDIR=\"/usr/share/locale\" -I./intl   -Os -pipe -MT buf.o -MD -MP -MF ".deps/buf.Tpo" -c -o buf.o buf.c; \
then mv -f ".deps/buf.Tpo" ".deps/buf.Po"; else rm -f ".deps/buf.Tpo"; exit 1; fi
if gcc -DHAVE_CONFIG_H -I. -I. -I.  -DLOCALEDIR=\"/usr/share/locale\" -I./intl   -Os -pipe -MT tables.o -MD -MP -MF ".deps/tables.Tpo" -c -o tables.o tables.c; \
then mv -f ".deps/tables.Tpo" ".deps/tables.Po"; else rm -f ".deps/tables.Tpo"; exit 1; fi
if gcc -DHAVE_CONFIG_H -I. -I. -I.  -DLOCALEDIR=\"/usr/share/locale\" -I./intl   -Os -pipe -MT tables_shared.o -MD -MP -MF ".deps/tables_shared.Tpo" -c -o tables_shared.o tables_shared.c; \
then mv -f ".deps/tables_shared.Tpo" ".deps/tables_shared.Po"; else rm -f ".deps/tables_shared.Tpo"; exit 1; fi
if gcc -DHAVE_CONFIG_H -I. -I. -I.  -DLOCALEDIR=\"/usr/share/locale\" -I./intl   -Os -pipe -MT filter.o -MD -MP -MF ".deps/filter.Tpo" -c -o filter.o filter.c; \
then mv -f ".deps/filter.Tpo" ".deps/filter.Po"; else rm -f ".deps/filter.Tpo"; exit 1; fi
if gcc -DHAVE_CONFIG_H -I. -I. -I.  -DLOCALEDIR=\"/usr/share/locale\" -I./intl   -Os -pipe -MT regex.o -MD -MP -MF ".deps/regex.Tpo" -c -o regex.o regex.c; \
then mv -f ".deps/regex.Tpo" ".deps/regex.Po"; else rm -f ".deps/regex.Tpo"; exit 1; fi
rm -f libfl.a
ar cru libfl.a libmain.o libyywrap.o 
ranlib libfl.a
rm -f libfl_pic.a
ar cru libfl_pic.a libfl_pic_a-libmain.o libfl_pic_a-libyywrap.o 
ranlib libfl_pic.a
gcc  -Os -pipe   -o flex  ccl.o dfa.o ecs.o scanflags.o gen.o main.o misc.o nfa.o parse.o scan.o skel.o sym.o tblcmp.o yylex.o options.o scanopt.o buf.o tables.o tables_shared.o filter.o regex.o  -lm 
make[2]: Leaving directory `/usr/src/rpm/BUILD/flex-2.5.35'
Making all in doc
make[2]: Entering directory `/usr/src/rpm/BUILD/flex-2.5.35/doc'
make[2]: Nothing to be done for `all'.
make[2]: Leaving directory `/usr/src/rpm/BUILD/flex-2.5.35/doc'
Making all in m4
make[2]: Entering directory `/usr/src/rpm/BUILD/flex-2.5.35/m4'
make[2]: Nothing to be done for `all'.
make[2]: Leaving directory `/usr/src/rpm/BUILD/flex-2.5.35/m4'
Making all in examples
make[2]: Entering directory `/usr/src/rpm/BUILD/flex-2.5.35/examples'
Making all in manual
make[3]: Entering directory `/usr/src/rpm/BUILD/flex-2.5.35/examples/manual'
make[3]: Nothing to be done for `all'.
make[3]: Leaving directory `/usr/src/rpm/BUILD/flex-2.5.35/examples/manual'
Making all in fastwc
make[3]: Entering directory `/usr/src/rpm/BUILD/flex-2.5.35/examples/fastwc'
make[3]: Nothing to be done for `all'.
make[3]: Leaving directory `/usr/src/rpm/BUILD/flex-2.5.35/examples/fastwc'
make[3]: Entering directory `/usr/src/rpm/BUILD/flex-2.5.35/examples'
make[3]: Nothing to be done for `all-am'.
make[3]: Leaving directory `/usr/src/rpm/BUILD/flex-2.5.35/examples'
make[2]: Leaving directory `/usr/src/rpm/BUILD/flex-2.5.35/examples'
Making all in po
make[2]: Entering directory `/usr/src/rpm/BUILD/flex-2.5.35/po'
make[2]: Nothing to be done for `all'.
make[2]: Leaving directory `/usr/src/rpm/BUILD/flex-2.5.35/po'
Making all in tools
make[2]: Entering directory `/usr/src/rpm/BUILD/flex-2.5.35/tools'
make[2]: Nothing to be done for `all'.
make[2]: Leaving directory `/usr/src/rpm/BUILD/flex-2.5.35/tools'
Making all in tests
make[2]: Entering directory `/usr/src/rpm/BUILD/flex-2.5.35/tests'
Making all in test-concatenated-options
make[3]: Entering directory `/usr/src/rpm/BUILD/flex-2.5.35/tests/test-concatenated-options'
make[3]: Nothing to be done for `all'.
make[3]: Leaving directory `/usr/src/rpm/BUILD/flex-2.5.35/tests/test-concatenated-options'
Making all in test-c++-yywrap
make[3]: Entering directory `/usr/src/rpm/BUILD/flex-2.5.35/tests/test-c++-yywrap'
make[3]: Nothing to be done for `all'.
make[3]: Leaving directory `/usr/src/rpm/BUILD/flex-2.5.35/tests/test-c++-yywrap'
Making all in test-extended
make[3]: Entering directory `/usr/src/rpm/BUILD/flex-2.5.35/tests/test-extended'
make[3]: Nothing to be done for `all'.
make[3]: Leaving directory `/usr/src/rpm/BUILD/flex-2.5.35/tests/test-extended'
Making all in test-ccl
make[3]: Entering directory `/usr/src/rpm/BUILD/flex-2.5.35/tests/test-ccl'
make[3]: Nothing to be done for `all'.
make[3]: Leaving directory `/usr/src/rpm/BUILD/flex-2.5.35/tests/test-ccl'
Making all in test-quotes
make[3]: Entering directory `/usr/src/rpm/BUILD/flex-2.5.35/tests/test-quotes'
make[3]: Nothing to be done for `all'.
make[3]: Leaving directory `/usr/src/rpm/BUILD/flex-2.5.35/tests/test-quotes'
Making all in test-rescan-r
make[3]: Entering directory `/usr/src/rpm/BUILD/flex-2.5.35/tests/test-rescan-r'
make[3]: Nothing to be done for `all'.
make[3]: Leaving directory `/usr/src/rpm/BUILD/flex-2.5.35/tests/test-rescan-r'
Making all in test-rescan-nr
make[3]: Entering directory `/usr/src/rpm/BUILD/flex-2.5.35/tests/test-rescan-nr'
make[3]: Nothing to be done for `all'.
make[3]: Leaving directory `/usr/src/rpm/BUILD/flex-2.5.35/tests/test-rescan-nr'
Making all in test-basic-nr
make[3]: Entering directory `/usr/src/rpm/BUILD/flex-2.5.35/tests/test-basic-nr'
make[3]: Nothing to be done for `all'.
make[3]: Leaving directory `/usr/src/rpm/BUILD/flex-2.5.35/tests/test-basic-nr'
Making all in test-basic-r
make[3]: Entering directory `/usr/src/rpm/BUILD/flex-2.5.35/tests/test-basic-r'
make[3]: Nothing to be done for `all'.
make[3]: Leaving directory `/usr/src/rpm/BUILD/flex-2.5.35/tests/test-basic-r'
Making all in test-bison-yylloc
make[3]: Entering directory `/usr/src/rpm/BUILD/flex-2.5.35/tests/test-bison-yylloc'
make[3]: Nothing to be done for `all'.
make[3]: Leaving directory `/usr/src/rpm/BUILD/flex-2.5.35/tests/test-bison-yylloc'
Making all in test-bison-yylval
make[3]: Entering directory `/usr/src/rpm/BUILD/flex-2.5.35/tests/test-bison-yylval'
make[3]: Nothing to be done for `all'.
make[3]: Leaving directory `/usr/src/rpm/BUILD/flex-2.5.35/tests/test-bison-yylval'
Making all in test-bison-nr
make[3]: Entering directory `/usr/src/rpm/BUILD/flex-2.5.35/tests/test-bison-nr'
make[3]: Nothing to be done for `all'.
make[3]: Leaving directory `/usr/src/rpm/BUILD/flex-2.5.35/tests/test-bison-nr'
Making all in test-multiple-scanners-nr
make[3]: Entering directory `/usr/src/rpm/BUILD/flex-2.5.35/tests/test-multiple-scanners-nr'
make[3]: Nothing to be done for `all'.
make[3]: Leaving directory `/usr/src/rpm/BUILD/flex-2.5.35/tests/test-multiple-scanners-nr'
Making all in test-multiple-scanners-r
make[3]: Entering directory `/usr/src/rpm/BUILD/flex-2.5.35/tests/test-multiple-scanners-r'
make[3]: Nothing to be done for `all'.
make[3]: Leaving directory `/usr/src/rpm/BUILD/flex-2.5.35/tests/test-multiple-scanners-r'
Making all in test-header-nr
make[3]: Entering directory `/usr/src/rpm/BUILD/flex-2.5.35/tests/test-header-nr'
make[3]: Nothing to be done for `all'.
make[3]: Leaving directory `/usr/src/rpm/BUILD/flex-2.5.35/tests/test-header-nr'
Making all in test-header-r
make[3]: Entering directory `/usr/src/rpm/BUILD/flex-2.5.35/tests/test-header-r'
make[3]: Nothing to be done for `all'.
make[3]: Leaving directory `/usr/src/rpm/BUILD/flex-2.5.35/tests/test-header-r'
Making all in test-reject
make[3]: Entering directory `/usr/src/rpm/BUILD/flex-2.5.35/tests/test-reject'
make[3]: Nothing to be done for `all'.
make[3]: Leaving directory `/usr/src/rpm/BUILD/flex-2.5.35/tests/test-reject'
Making all in test-c++-multiple-scanners
make[3]: Entering directory `/usr/src/rpm/BUILD/flex-2.5.35/tests/test-c++-multiple-scanners'
make[3]: Nothing to be done for `all'.
make[3]: Leaving directory `/usr/src/rpm/BUILD/flex-2.5.35/tests/test-c++-multiple-scanners'
Making all in test-c++-basic
make[3]: Entering directory `/usr/src/rpm/BUILD/flex-2.5.35/tests/test-c++-basic'
make[3]: Nothing to be done for `all'.
make[3]: Leaving directory `/usr/src/rpm/BUILD/flex-2.5.35/tests/test-c++-basic'
Making all in test-posixly-correct
make[3]: Entering directory `/usr/src/rpm/BUILD/flex-2.5.35/tests/test-posixly-correct'
make[3]: Nothing to be done for `all'.
make[3]: Leaving directory `/usr/src/rpm/BUILD/flex-2.5.35/tests/test-posixly-correct'
Making all in test-posix
make[3]: Entering directory `/usr/src/rpm/BUILD/flex-2.5.35/tests/test-posix'
make[3]: Nothing to be done for `all'.
make[3]: Leaving directory `/usr/src/rpm/BUILD/flex-2.5.35/tests/test-posix'
Making all in test-mem-r
make[3]: Entering directory `/usr/src/rpm/BUILD/flex-2.5.35/tests/test-mem-r'
make[3]: Nothing to be done for `all'.
make[3]: Leaving directory `/usr/src/rpm/BUILD/flex-2.5.35/tests/test-mem-r'
Making all in test-mem-nr
make[3]: Entering directory `/usr/src/rpm/BUILD/flex-2.5.35/tests/test-mem-nr'
make[3]: Nothing to be done for `all'.
make[3]: Leaving directory `/usr/src/rpm/BUILD/flex-2.5.35/tests/test-mem-nr'
Making all in test-debug-nr
make[3]: Entering directory `/usr/src/rpm/BUILD/flex-2.5.35/tests/test-debug-nr'
make[3]: Nothing to be done for `all'.
make[3]: Leaving directory `/usr/src/rpm/BUILD/flex-2.5.35/tests/test-debug-nr'
Making all in test-debug-r
make[3]: Entering directory `/usr/src/rpm/BUILD/flex-2.5.35/tests/test-debug-r'
make[3]: Nothing to be done for `all'.
make[3]: Leaving directory `/usr/src/rpm/BUILD/flex-2.5.35/tests/test-debug-r'
Making all in test-lineno-r
make[3]: Entering directory `/usr/src/rpm/BUILD/flex-2.5.35/tests/test-lineno-r'
make[3]: Nothing to be done for `all'.
make[3]: Leaving directory `/usr/src/rpm/BUILD/flex-2.5.35/tests/test-lineno-r'
Making all in test-lineno-nr
make[3]: Entering directory `/usr/src/rpm/BUILD/flex-2.5.35/tests/test-lineno-nr'
make[3]: Nothing to be done for `all'.
make[3]: Leaving directory `/usr/src/rpm/BUILD/flex-2.5.35/tests/test-lineno-nr'
Making all in test-linedir-r
make[3]: Entering directory `/usr/src/rpm/BUILD/flex-2.5.35/tests/test-linedir-r'
make[3]: Nothing to be done for `all'.
make[3]: Leaving directory `/usr/src/rpm/BUILD/flex-2.5.35/tests/test-linedir-r'
Making all in test-array-nr
make[3]: Entering directory `/usr/src/rpm/BUILD/flex-2.5.35/tests/test-array-nr'
make[3]: Nothing to be done for `all'.
make[3]: Leaving directory `/usr/src/rpm/BUILD/flex-2.5.35/tests/test-array-nr'
Making all in test-array-r
make[3]: Entering directory `/usr/src/rpm/BUILD/flex-2.5.35/tests/test-array-r'
make[3]: Nothing to be done for `all'.
make[3]: Leaving directory `/usr/src/rpm/BUILD/flex-2.5.35/tests/test-array-r'
Making all in test-c-cpp-nr
make[3]: Entering directory `/usr/src/rpm/BUILD/flex-2.5.35/tests/test-c-cpp-nr'
make[3]: Nothing to be done for `all'.
make[3]: Leaving directory `/usr/src/rpm/BUILD/flex-2.5.35/tests/test-c-cpp-nr'
Making all in test-c-cpp-r
make[3]: Entering directory `/usr/src/rpm/BUILD/flex-2.5.35/tests/test-c-cpp-r'
make[3]: Nothing to be done for `all'.
make[3]: Leaving directory `/usr/src/rpm/BUILD/flex-2.5.35/tests/test-c-cpp-r'
Making all in test-include-by-buffer
make[3]: Entering directory `/usr/src/rpm/BUILD/flex-2.5.35/tests/test-include-by-buffer'
make[3]: Nothing to be done for `all'.
make[3]: Leaving directory `/usr/src/rpm/BUILD/flex-2.5.35/tests/test-include-by-buffer'
Making all in test-include-by-push
make[3]: Entering directory `/usr/src/rpm/BUILD/flex-2.5.35/tests/test-include-by-push'
make[3]: Nothing to be done for `all'.
make[3]: Leaving directory `/usr/src/rpm/BUILD/flex-2.5.35/tests/test-include-by-push'
Making all in test-include-by-reentrant
make[3]: Entering directory `/usr/src/rpm/BUILD/flex-2.5.35/tests/test-include-by-reentrant'
make[3]: Nothing to be done for `all'.
make[3]: Leaving directory `/usr/src/rpm/BUILD/flex-2.5.35/tests/test-include-by-reentrant'
Making all in test-prefix-nr
make[3]: Entering directory `/usr/src/rpm/BUILD/flex-2.5.35/tests/test-prefix-nr'
make[3]: Nothing to be done for `all'.
make[3]: Leaving directory `/usr/src/rpm/BUILD/flex-2.5.35/tests/test-prefix-nr'
Making all in test-prefix-r
make[3]: Entering directory `/usr/src/rpm/BUILD/flex-2.5.35/tests/test-prefix-r'
make[3]: Nothing to be done for `all'.
make[3]: Leaving directory `/usr/src/rpm/BUILD/flex-2.5.35/tests/test-prefix-r'
Making all in test-pthread
make[3]: Entering directory `/usr/src/rpm/BUILD/flex-2.5.35/tests/test-pthread'
make[3]: Nothing to be done for `all'.
make[3]: Leaving directory `/usr/src/rpm/BUILD/flex-2.5.35/tests/test-pthread'
Making all in test-string-nr
make[3]: Entering directory `/usr/src/rpm/BUILD/flex-2.5.35/tests/test-string-nr'
make[3]: Nothing to be done for `all'.
make[3]: Leaving directory `/usr/src/rpm/BUILD/flex-2.5.35/tests/test-string-nr'
Making all in test-string-r
make[3]: Entering directory `/usr/src/rpm/BUILD/flex-2.5.35/tests/test-string-r'
make[3]: Nothing to be done for `all'.
make[3]: Leaving directory `/usr/src/rpm/BUILD/flex-2.5.35/tests/test-string-r'
Making all in test-yyextra
make[3]: Entering directory `/usr/src/rpm/BUILD/flex-2.5.35/tests/test-yyextra'
make[3]: Nothing to be done for `all'.
make[3]: Leaving directory `/usr/src/rpm/BUILD/flex-2.5.35/tests/test-yyextra'
Making all in test-alloc-extra
make[3]: Entering directory `/usr/src/rpm/BUILD/flex-2.5.35/tests/test-alloc-extra'
make[3]: Nothing to be done for `all'.
make[3]: Leaving directory `/usr/src/rpm/BUILD/flex-2.5.35/tests/test-alloc-extra'
Making all in test-noansi-nr
make[3]: Entering directory `/usr/src/rpm/BUILD/flex-2.5.35/tests/test-noansi-nr'
make[3]: Nothing to be done for `all'.
make[3]: Leaving directory `/usr/src/rpm/BUILD/flex-2.5.35/tests/test-noansi-nr'
Making all in test-noansi-r
make[3]: Entering directory `/usr/src/rpm/BUILD/flex-2.5.35/tests/test-noansi-r'
make[3]: Nothing to be done for `all'.
make[3]: Leaving directory `/usr/src/rpm/BUILD/flex-2.5.35/tests/test-noansi-r'
Making all in test-top
make[3]: Entering directory `/usr/src/rpm/BUILD/flex-2.5.35/tests/test-top'
make[3]: Nothing to be done for `all'.
make[3]: Leaving directory `/usr/src/rpm/BUILD/flex-2.5.35/tests/test-top'
Making all in test-table-opts
make[3]: Entering directory `/usr/src/rpm/BUILD/flex-2.5.35/tests/test-table-opts'
make[3]: Nothing to be done for `all'.
make[3]: Leaving directory `/usr/src/rpm/BUILD/flex-2.5.35/tests/test-table-opts'
make[3]: Entering directory `/usr/src/rpm/BUILD/flex-2.5.35/tests'
make[3]: Nothing to be done for `all-am'.
make[3]: Leaving directory `/usr/src/rpm/BUILD/flex-2.5.35/tests'
make[2]: Leaving directory `/usr/src/rpm/BUILD/flex-2.5.35/tests'
make[1]: Leaving directory `/usr/src/rpm/BUILD/flex-2.5.35'
+ make check
make  check-recursive
make[1]: Entering directory `/usr/src/rpm/BUILD/flex-2.5.35'
Making check in .
make[2]: Entering directory `/usr/src/rpm/BUILD/flex-2.5.35'
make[2]: Leaving directory `/usr/src/rpm/BUILD/flex-2.5.35'
Making check in doc
make[2]: Entering directory `/usr/src/rpm/BUILD/flex-2.5.35/doc'
make[2]: Nothing to be done for `check'.
make[2]: Leaving directory `/usr/src/rpm/BUILD/flex-2.5.35/doc'
Making check in m4
make[2]: Entering directory `/usr/src/rpm/BUILD/flex-2.5.35/m4'
make[2]: Nothing to be done for `check'.
make[2]: Leaving directory `/usr/src/rpm/BUILD/flex-2.5.35/m4'
Making check in examples
make[2]: Entering directory `/usr/src/rpm/BUILD/flex-2.5.35/examples'
Making check in manual
make[3]: Entering directory `/usr/src/rpm/BUILD/flex-2.5.35/examples/manual'
make[3]: Nothing to be done for `check'.
make[3]: Leaving directory `/usr/src/rpm/BUILD/flex-2.5.35/examples/manual'
Making check in fastwc
make[3]: Entering directory `/usr/src/rpm/BUILD/flex-2.5.35/examples/fastwc'
make[3]: Nothing to be done for `check'.
make[3]: Leaving directory `/usr/src/rpm/BUILD/flex-2.5.35/examples/fastwc'
make[3]: Entering directory `/usr/src/rpm/BUILD/flex-2.5.35/examples'
make[3]: Nothing to be done for `check-am'.
make[3]: Leaving directory `/usr/src/rpm/BUILD/flex-2.5.35/examples'
make[2]: Leaving directory `/usr/src/rpm/BUILD/flex-2.5.35/examples'
Making check in po
make[2]: Entering directory `/usr/src/rpm/BUILD/flex-2.5.35/po'
make[2]: Nothing to be done for `check'.
make[2]: Leaving directory `/usr/src/rpm/BUILD/flex-2.5.35/po'
Making check in tools
make[2]: Entering directory `/usr/src/rpm/BUILD/flex-2.5.35/tools'
make[2]: Nothing to be done for `check'.
make[2]: Leaving directory `/usr/src/rpm/BUILD/flex-2.5.35/tools'
Making check in tests
make[2]: Entering directory `/usr/src/rpm/BUILD/flex-2.5.35/tests'
Making check in test-concatenated-options
make[3]: Entering directory `/usr/src/rpm/BUILD/flex-2.5.35/tests/test-concatenated-options'
make[3]: Nothing to be done for `check'.
make[3]: Leaving directory `/usr/src/rpm/BUILD/flex-2.5.35/tests/test-concatenated-options'
Making check in test-c++-yywrap
make[3]: Entering directory `/usr/src/rpm/BUILD/flex-2.5.35/tests/test-c++-yywrap'
make[3]: Nothing to be done for `check'.
make[3]: Leaving directory `/usr/src/rpm/BUILD/flex-2.5.35/tests/test-c++-yywrap'
Making check in test-extended
make[3]: Entering directory `/usr/src/rpm/BUILD/flex-2.5.35/tests/test-extended'
make[3]: Nothing to be done for `check'.
make[3]: Leaving directory `/usr/src/rpm/BUILD/flex-2.5.35/tests/test-extended'
Making check in test-ccl
make[3]: Entering directory `/usr/src/rpm/BUILD/flex-2.5.35/tests/test-ccl'
make[3]: Nothing to be done for `check'.
make[3]: Leaving directory `/usr/src/rpm/BUILD/flex-2.5.35/tests/test-ccl'
Making check in test-quotes
make[3]: Entering directory `/usr/src/rpm/BUILD/flex-2.5.35/tests/test-quotes'
make[3]: Nothing to be done for `check'.
make[3]: Leaving directory `/usr/src/rpm/BUILD/flex-2.5.35/tests/test-quotes'
Making check in test-rescan-r
make[3]: Entering directory `/usr/src/rpm/BUILD/flex-2.5.35/tests/test-rescan-r'
make[3]: Nothing to be done for `check'.
make[3]: Leaving directory `/usr/src/rpm/BUILD/flex-2.5.35/tests/test-rescan-r'
Making check in test-rescan-nr
make[3]: Entering directory `/usr/src/rpm/BUILD/flex-2.5.35/tests/test-rescan-nr'
make[3]: Nothing to be done for `check'.
make[3]: Leaving directory `/usr/src/rpm/BUILD/flex-2.5.35/tests/test-rescan-nr'
Making check in test-basic-nr
make[3]: Entering directory `/usr/src/rpm/BUILD/flex-2.5.35/tests/test-basic-nr'
make[3]: Nothing to be done for `check'.
make[3]: Leaving directory `/usr/src/rpm/BUILD/flex-2.5.35/tests/test-basic-nr'
Making check in test-basic-r
make[3]: Entering directory `/usr/src/rpm/BUILD/flex-2.5.35/tests/test-basic-r'
make[3]: Nothing to be done for `check'.
make[3]: Leaving directory `/usr/src/rpm/BUILD/flex-2.5.35/tests/test-basic-r'
Making check in test-bison-yylloc
make[3]: Entering directory `/usr/src/rpm/BUILD/flex-2.5.35/tests/test-bison-yylloc'
make[3]: Nothing to be done for `check'.
make[3]: Leaving directory `/usr/src/rpm/BUILD/flex-2.5.35/tests/test-bison-yylloc'
Making check in test-bison-yylval
make[3]: Entering directory `/usr/src/rpm/BUILD/flex-2.5.35/tests/test-bison-yylval'
make[3]: Nothing to be done for `check'.
make[3]: Leaving directory `/usr/src/rpm/BUILD/flex-2.5.35/tests/test-bison-yylval'
Making check in test-bison-nr
make[3]: Entering directory `/usr/src/rpm/BUILD/flex-2.5.35/tests/test-bison-nr'
make[3]: Nothing to be done for `check'.
make[3]: Leaving directory `/usr/src/rpm/BUILD/flex-2.5.35/tests/test-bison-nr'
Making check in test-multiple-scanners-nr
make[3]: Entering directory `/usr/src/rpm/BUILD/flex-2.5.35/tests/test-multiple-scanners-nr'
make[3]: Nothing to be done for `check'.
make[3]: Leaving directory `/usr/src/rpm/BUILD/flex-2.5.35/tests/test-multiple-scanners-nr'
Making check in test-multiple-scanners-r
make[3]: Entering directory `/usr/src/rpm/BUILD/flex-2.5.35/tests/test-multiple-scanners-r'
make[3]: Nothing to be done for `check'.
make[3]: Leaving directory `/usr/src/rpm/BUILD/flex-2.5.35/tests/test-multiple-scanners-r'
Making check in test-header-nr
make[3]: Entering directory `/usr/src/rpm/BUILD/flex-2.5.35/tests/test-header-nr'
make[3]: Nothing to be done for `check'.
make[3]: Leaving directory `/usr/src/rpm/BUILD/flex-2.5.35/tests/test-header-nr'
Making check in test-header-r
make[3]: Entering directory `/usr/src/rpm/BUILD/flex-2.5.35/tests/test-header-r'
make[3]: Nothing to be done for `check'.
make[3]: Leaving directory `/usr/src/rpm/BUILD/flex-2.5.35/tests/test-header-r'
Making check in test-reject
make[3]: Entering directory `/usr/src/rpm/BUILD/flex-2.5.35/tests/test-reject'
make[3]: Nothing to be done for `check'.
make[3]: Leaving directory `/usr/src/rpm/BUILD/flex-2.5.35/tests/test-reject'
Making check in test-c++-multiple-scanners
make[3]: Entering directory `/usr/src/rpm/BUILD/flex-2.5.35/tests/test-c++-multiple-scanners'
make[3]: Nothing to be done for `check'.
make[3]: Leaving directory `/usr/src/rpm/BUILD/flex-2.5.35/tests/test-c++-multiple-scanners'
Making check in test-c++-basic
make[3]: Entering directory `/usr/src/rpm/BUILD/flex-2.5.35/tests/test-c++-basic'
make[3]: Nothing to be done for `check'.
make[3]: Leaving directory `/usr/src/rpm/BUILD/flex-2.5.35/tests/test-c++-basic'
Making check in test-posixly-correct
make[3]: Entering directory `/usr/src/rpm/BUILD/flex-2.5.35/tests/test-posixly-correct'
make[3]: Nothing to be done for `check'.
make[3]: Leaving directory `/usr/src/rpm/BUILD/flex-2.5.35/tests/test-posixly-correct'
Making check in test-posix
make[3]: Entering directory `/usr/src/rpm/BUILD/flex-2.5.35/tests/test-posix'
make[3]: Nothing to be done for `check'.
make[3]: Leaving directory `/usr/src/rpm/BUILD/flex-2.5.35/tests/test-posix'
Making check in test-mem-r
make[3]: Entering directory `/usr/src/rpm/BUILD/flex-2.5.35/tests/test-mem-r'
make[3]: Nothing to be done for `check'.
make[3]: Leaving directory `/usr/src/rpm/BUILD/flex-2.5.35/tests/test-mem-r'
Making check in test-mem-nr
make[3]: Entering directory `/usr/src/rpm/BUILD/flex-2.5.35/tests/test-mem-nr'
make[3]: Nothing to be done for `check'.
make[3]: Leaving directory `/usr/src/rpm/BUILD/flex-2.5.35/tests/test-mem-nr'
Making check in test-debug-nr
make[3]: Entering directory `/usr/src/rpm/BUILD/flex-2.5.35/tests/test-debug-nr'
make[3]: Nothing to be done for `check'.
make[3]: Leaving directory `/usr/src/rpm/BUILD/flex-2.5.35/tests/test-debug-nr'
Making check in test-debug-r
make[3]: Entering directory `/usr/src/rpm/BUILD/flex-2.5.35/tests/test-debug-r'
make[3]: Nothing to be done for `check'.
make[3]: Leaving directory `/usr/src/rpm/BUILD/flex-2.5.35/tests/test-debug-r'
Making check in test-lineno-r
make[3]: Entering directory `/usr/src/rpm/BUILD/flex-2.5.35/tests/test-lineno-r'
make[3]: Nothing to be done for `check'.
make[3]: Leaving directory `/usr/src/rpm/BUILD/flex-2.5.35/tests/test-lineno-r'
Making check in test-lineno-nr
make[3]: Entering directory `/usr/src/rpm/BUILD/flex-2.5.35/tests/test-lineno-nr'
make[3]: Nothing to be done for `check'.
make[3]: Leaving directory `/usr/src/rpm/BUILD/flex-2.5.35/tests/test-lineno-nr'
Making check in test-linedir-r
make[3]: Entering directory `/usr/src/rpm/BUILD/flex-2.5.35/tests/test-linedir-r'
make[3]: Nothing to be done for `check'.
make[3]: Leaving directory `/usr/src/rpm/BUILD/flex-2.5.35/tests/test-linedir-r'
Making check in test-array-nr
make[3]: Entering directory `/usr/src/rpm/BUILD/flex-2.5.35/tests/test-array-nr'
make[3]: Nothing to be done for `check'.
make[3]: Leaving directory `/usr/src/rpm/BUILD/flex-2.5.35/tests/test-array-nr'
Making check in test-array-r
make[3]: Entering directory `/usr/src/rpm/BUILD/flex-2.5.35/tests/test-array-r'
make[3]: Nothing to be done for `check'.
make[3]: Leaving directory `/usr/src/rpm/BUILD/flex-2.5.35/tests/test-array-r'
Making check in test-c-cpp-nr
make[3]: Entering directory `/usr/src/rpm/BUILD/flex-2.5.35/tests/test-c-cpp-nr'
make[3]: Nothing to be done for `check'.
make[3]: Leaving directory `/usr/src/rpm/BUILD/flex-2.5.35/tests/test-c-cpp-nr'
Making check in test-c-cpp-r
make[3]: Entering directory `/usr/src/rpm/BUILD/flex-2.5.35/tests/test-c-cpp-r'
make[3]: Nothing to be done for `check'.
make[3]: Leaving directory `/usr/src/rpm/BUILD/flex-2.5.35/tests/test-c-cpp-r'
Making check in test-include-by-buffer
make[3]: Entering directory `/usr/src/rpm/BUILD/flex-2.5.35/tests/test-include-by-buffer'
make[3]: Nothing to be done for `check'.
make[3]: Leaving directory `/usr/src/rpm/BUILD/flex-2.5.35/tests/test-include-by-buffer'
Making check in test-include-by-push
make[3]: Entering directory `/usr/src/rpm/BUILD/flex-2.5.35/tests/test-include-by-push'
make[3]: Nothing to be done for `check'.
make[3]: Leaving directory `/usr/src/rpm/BUILD/flex-2.5.35/tests/test-include-by-push'
Making check in test-include-by-reentrant
make[3]: Entering directory `/usr/src/rpm/BUILD/flex-2.5.35/tests/test-include-by-reentrant'
make[3]: Nothing to be done for `check'.
make[3]: Leaving directory `/usr/src/rpm/BUILD/flex-2.5.35/tests/test-include-by-reentrant'
Making check in test-prefix-nr
make[3]: Entering directory `/usr/src/rpm/BUILD/flex-2.5.35/tests/test-prefix-nr'
make[3]: Nothing to be done for `check'.
make[3]: Leaving directory `/usr/src/rpm/BUILD/flex-2.5.35/tests/test-prefix-nr'
Making check in test-prefix-r
make[3]: Entering directory `/usr/src/rpm/BUILD/flex-2.5.35/tests/test-prefix-r'
make[3]: Nothing to be done for `check'.
make[3]: Leaving directory `/usr/src/rpm/BUILD/flex-2.5.35/tests/test-prefix-r'
Making check in test-pthread
make[3]: Entering directory `/usr/src/rpm/BUILD/flex-2.5.35/tests/test-pthread'
make[3]: Nothing to be done for `check'.
make[3]: Leaving directory `/usr/src/rpm/BUILD/flex-2.5.35/tests/test-pthread'
Making check in test-string-nr
make[3]: Entering directory `/usr/src/rpm/BUILD/flex-2.5.35/tests/test-string-nr'
make[3]: Nothing to be done for `check'.
make[3]: Leaving directory `/usr/src/rpm/BUILD/flex-2.5.35/tests/test-string-nr'
Making check in test-string-r
make[3]: Entering directory `/usr/src/rpm/BUILD/flex-2.5.35/tests/test-string-r'
make[3]: Nothing to be done for `check'.
make[3]: Leaving directory `/usr/src/rpm/BUILD/flex-2.5.35/tests/test-string-r'
Making check in test-yyextra
make[3]: Entering directory `/usr/src/rpm/BUILD/flex-2.5.35/tests/test-yyextra'
make[3]: Nothing to be done for `check'.
make[3]: Leaving directory `/usr/src/rpm/BUILD/flex-2.5.35/tests/test-yyextra'
Making check in test-alloc-extra
make[3]: Entering directory `/usr/src/rpm/BUILD/flex-2.5.35/tests/test-alloc-extra'
make[3]: Nothing to be done for `check'.
make[3]: Leaving directory `/usr/src/rpm/BUILD/flex-2.5.35/tests/test-alloc-extra'
Making check in test-noansi-nr
make[3]: Entering directory `/usr/src/rpm/BUILD/flex-2.5.35/tests/test-noansi-nr'
make[3]: Nothing to be done for `check'.
make[3]: Leaving directory `/usr/src/rpm/BUILD/flex-2.5.35/tests/test-noansi-nr'
Making check in test-noansi-r
make[3]: Entering directory `/usr/src/rpm/BUILD/flex-2.5.35/tests/test-noansi-r'
make[3]: Nothing to be done for `check'.
make[3]: Leaving directory `/usr/src/rpm/BUILD/flex-2.5.35/tests/test-noansi-r'
Making check in test-top
make[3]: Entering directory `/usr/src/rpm/BUILD/flex-2.5.35/tests/test-top'
make[3]: Nothing to be done for `check'.
make[3]: Leaving directory `/usr/src/rpm/BUILD/flex-2.5.35/tests/test-top'
Making check in test-table-opts
make[3]: Entering directory `/usr/src/rpm/BUILD/flex-2.5.35/tests/test-table-opts'
make[3]: Nothing to be done for `check'.
make[3]: Leaving directory `/usr/src/rpm/BUILD/flex-2.5.35/tests/test-table-opts'
make[3]: Entering directory `/usr/src/rpm/BUILD/flex-2.5.35/tests'
make  check-local
make[4]: Entering directory `/usr/src/rpm/BUILD/flex-2.5.35/tests'
Making clean in test-table-opts
make[5]: Entering directory `/usr/src/rpm/BUILD/flex-2.5.35/tests/test-table-opts'
test -z "scanner.c OUTPUT test-opt-nr-Ca.o test-opt-r-Ca.o test-opt-nr-Ce.o test-opt-r-Ce.o test-opt-nr-Cf.o test-opt-r-Cf.o test-opt-nr-CF.o test-opt-r-CF.o test-opt-nr-Cm.o test-opt-r-Cm.o test-opt-nr-Cem.o test-opt-r-Cem.o test-opt-nr-Cae.o test-opt-r-Cae.o test-opt-nr-Caef.o test-opt-r-Caef.o test-opt-nr-CaeF.o test-opt-r-CaeF.o test-opt-nr-Cam.o test-opt-r-Cam.o test-opt-nr-Caem.o test-opt-r-Caem.o test-ver-nr-Ca.o test-ver-r-Ca.o test-ver-nr-Ce.o test-ver-r-Ce.o test-ver-nr-Cf.o test-ver-r-Cf.o test-ver-nr-CF.o test-ver-r-CF.o test-ver-nr-Cm.o test-ver-r-Cm.o test-ver-nr-Cem.o test-ver-r-Cem.o test-ver-nr-Cae.o test-ver-r-Cae.o test-ver-nr-Caef.o test-ver-r-Caef.o test-ver-nr-CaeF.o test-ver-r-CaeF.o test-ver-nr-Cam.o test-ver-r-Cam.o test-ver-nr-Caem.o test-ver-r-Caem.o test-ser-nr-Ca.o test-ser-r-Ca.o test-ser-nr-Ce.o test-ser-r-Ce.o test-ser-nr-Cf.o test-ser-r-Cf.o test-ser-nr-CF.o test-ser-r-CF.o test-ser-nr-Cm.o test-ser-r-Cm.o test-ser-nr-Cem.o test-ser-r-Cem.o test-ser-nr-Cae.o test-ser-r-Cae.o test-ser-nr-Caef.o test-ser-r-Caef.o test-ser-nr-CaeF.o test-ser-r-CaeF.o test-ser-nr-Cam.o test-ser-r-Cam.o test-ser-nr-Caem.o test-ser-r-Caem.o test-opt-nr-Ca.c test-opt-r-Ca.c test-opt-nr-Ce.c test-opt-r-Ce.c test-opt-nr-Cf.c test-opt-r-Cf.c test-opt-nr-CF.c test-opt-r-CF.c test-opt-nr-Cm.c test-opt-r-Cm.c test-opt-nr-Cem.c test-opt-r-Cem.c test-opt-nr-Cae.c test-opt-r-Cae.c test-opt-nr-Caef.c test-opt-r-Caef.c test-opt-nr-CaeF.c test-opt-r-CaeF.c test-opt-nr-Cam.c test-opt-r-Cam.c test-opt-nr-Caem.c test-opt-r-Caem.c test-ver-nr-Ca.c test-ver-r-Ca.c test-ver-nr-Ce.c test-ver-r-Ce.c test-ver-nr-Cf.c test-ver-r-Cf.c test-ver-nr-CF.c test-ver-r-CF.c test-ver-nr-Cm.c test-ver-r-Cm.c test-ver-nr-Cem.c test-ver-r-Cem.c test-ver-nr-Cae.c test-ver-r-Cae.c test-ver-nr-Caef.c test-ver-r-Caef.c test-ver-nr-CaeF.c test-ver-r-CaeF.c test-ver-nr-Cam.c test-ver-r-Cam.c test-ver-nr-Caem.c test-ver-r-Caem.c test-ser-nr-Ca.c test-ser-r-Ca.c test-ser-nr-Ce.c test-ser-r-Ce.c test-ser-nr-Cf.c test-ser-r-Cf.c test-ser-nr-CF.c test-ser-r-CF.c test-ser-nr-Cm.c test-ser-r-Cm.c test-ser-nr-Cem.c test-ser-r-Cem.c test-ser-nr-Cae.c test-ser-r-Cae.c test-ser-nr-Caef.c test-ser-r-Caef.c test-ser-nr-CaeF.c test-ser-r-CaeF.c test-ser-nr-Cam.c test-ser-r-Cam.c test-ser-nr-Caem.c test-ser-r-Caem.c test-opt-nr-Ca.tables test-opt-r-Ca.tables test-opt-nr-Ce.tables test-opt-r-Ce.tables test-opt-nr-Cf.tables test-opt-r-Cf.tables test-opt-nr-CF.tables test-opt-r-CF.tables test-opt-nr-Cm.tables test-opt-r-Cm.tables test-opt-nr-Cem.tables test-opt-r-Cem.tables test-opt-nr-Cae.tables test-opt-r-Cae.tables test-opt-nr-Caef.tables test-opt-r-Caef.tables test-opt-nr-CaeF.tables test-opt-r-CaeF.tables test-opt-nr-Cam.tables test-opt-r-Cam.tables test-opt-nr-Caem.tables test-opt-r-Caem.tables test-ver-nr-Ca.tables test-ver-r-Ca.tables test-ver-nr-Ce.tables test-ver-r-Ce.tables test-ver-nr-Cf.tables test-ver-r-Cf.tables test-ver-nr-CF.tables test-ver-r-CF.tables test-ver-nr-Cm.tables test-ver-r-Cm.tables test-ver-nr-Cem.tables test-ver-r-Cem.tables test-ver-nr-Cae.tables test-ver-r-Cae.tables test-ver-nr-Caef.tables test-ver-r-Caef.tables test-ver-nr-CaeF.tables test-ver-r-CaeF.tables test-ver-nr-Cam.tables test-ver-r-Cam.tables test-ver-nr-Caem.tables test-ver-r-Caem.tables test-ser-nr-Ca.tables test-ser-r-Ca.tables test-ser-nr-Ce.tables test-ser-r-Ce.tables test-ser-nr-Cf.tables test-ser-r-Cf.tables test-ser-nr-CF.tables test-ser-r-CF.tables test-ser-nr-Cm.tables test-ser-r-Cm.tables test-ser-nr-Cem.tables test-ser-r-Cem.tables test-ser-nr-Cae.tables test-ser-r-Cae.tables test-ser-nr-Caef.tables test-ser-r-Caef.tables test-ser-nr-CaeF.tables test-ser-r-CaeF.tables test-ser-nr-Cam.tables test-ser-r-Cam.tables test-ser-nr-Caem.tables test-ser-r-Caem.tables test-mul.tables all-ser.tables test-opt-nr-Ca test-opt-r-Ca test-opt-nr-Ce test-opt-r-Ce test-opt-nr-Cf test-opt-r-Cf test-opt-nr-CF test-opt-r-CF test-opt-nr-Cm test-opt-r-Cm test-opt-nr-Cem test-opt-r-Cem test-opt-nr-Cae test-opt-r-Cae test-opt-nr-Caef test-opt-r-Caef test-opt-nr-CaeF test-opt-r-CaeF test-opt-nr-Cam test-opt-r-Cam test-opt-nr-Caem test-opt-r-Caem test-ver-nr-Ca test-ver-r-Ca test-ver-nr-Ce test-ver-r-Ce test-ver-nr-Cf test-ver-r-Cf test-ver-nr-CF test-ver-r-CF test-ver-nr-Cm test-ver-r-Cm test-ver-nr-Cem test-ver-r-Cem test-ver-nr-Cae test-ver-r-Cae test-ver-nr-Caef test-ver-r-Caef test-ver-nr-CaeF test-ver-r-CaeF test-ver-nr-Cam test-ver-r-Cam test-ver-nr-Caem test-ver-r-Caem test-ser-nr-Ca test-ser-r-Ca test-ser-nr-Ce test-ser-r-Ce test-ser-nr-Cf test-ser-r-Cf test-ser-nr-CF test-ser-r-CF test-ser-nr-Cm test-ser-r-Cm test-ser-nr-Cem test-ser-r-Cem test-ser-nr-Cae test-ser-r-Cae test-ser-nr-Caef test-ser-r-Caef test-ser-nr-CaeF test-ser-r-CaeF test-ser-nr-Cam test-ser-r-Cam test-ser-nr-Caem test-ser-r-Caem" || rm -f scanner.c OUTPUT test-opt-nr-Ca.o test-opt-r-Ca.o test-opt-nr-Ce.o test-opt-r-Ce.o test-opt-nr-Cf.o test-opt-r-Cf.o test-opt-nr-CF.o test-opt-r-CF.o test-opt-nr-Cm.o test-opt-r-Cm.o test-opt-nr-Cem.o test-opt-r-Cem.o test-opt-nr-Cae.o test-opt-r-Cae.o test-opt-nr-Caef.o test-opt-r-Caef.o test-opt-nr-CaeF.o test-opt-r-CaeF.o test-opt-nr-Cam.o test-opt-r-Cam.o test-opt-nr-Caem.o test-opt-r-Caem.o test-ver-nr-Ca.o test-ver-r-Ca.o test-ver-nr-Ce.o test-ver-r-Ce.o test-ver-nr-Cf.o test-ver-r-Cf.o test-ver-nr-CF.o test-ver-r-CF.o test-ver-nr-Cm.o test-ver-r-Cm.o test-ver-nr-Cem.o test-ver-r-Cem.o test-ver-nr-Cae.o test-ver-r-Cae.o test-ver-nr-Caef.o test-ver-r-Caef.o test-ver-nr-CaeF.o test-ver-r-CaeF.o test-ver-nr-Cam.o test-ver-r-Cam.o test-ver-nr-Caem.o test-ver-r-Caem.o test-ser-nr-Ca.o test-ser-r-Ca.o test-ser-nr-Ce.o test-ser-r-Ce.o test-ser-nr-Cf.o test-ser-r-Cf.o test-ser-nr-CF.o test-ser-r-CF.o test-ser-nr-Cm.o test-ser-r-Cm.o test-ser-nr-Cem.o test-ser-r-Cem.o test-ser-nr-Cae.o test-ser-r-Cae.o test-ser-nr-Caef.o test-ser-r-Caef.o test-ser-nr-CaeF.o test-ser-r-CaeF.o test-ser-nr-Cam.o test-ser-r-Cam.o test-ser-nr-Caem.o test-ser-r-Caem.o test-opt-nr-Ca.c test-opt-r-Ca.c test-opt-nr-Ce.c test-opt-r-Ce.c test-opt-nr-Cf.c test-opt-r-Cf.c test-opt-nr-CF.c test-opt-r-CF.c test-opt-nr-Cm.c test-opt-r-Cm.c test-opt-nr-Cem.c test-opt-r-Cem.c test-opt-nr-Cae.c test-opt-r-Cae.c test-opt-nr-Caef.c test-opt-r-Caef.c test-opt-nr-CaeF.c test-opt-r-CaeF.c test-opt-nr-Cam.c test-opt-r-Cam.c test-opt-nr-Caem.c test-opt-r-Caem.c test-ver-nr-Ca.c test-ver-r-Ca.c test-ver-nr-Ce.c test-ver-r-Ce.c test-ver-nr-Cf.c test-ver-r-Cf.c test-ver-nr-CF.c test-ver-r-CF.c test-ver-nr-Cm.c test-ver-r-Cm.c test-ver-nr-Cem.c test-ver-r-Cem.c test-ver-nr-Cae.c test-ver-r-Cae.c test-ver-nr-Caef.c test-ver-r-Caef.c test-ver-nr-CaeF.c test-ver-r-CaeF.c test-ver-nr-Cam.c test-ver-r-Cam.c test-ver-nr-Caem.c test-ver-r-Caem.c test-ser-nr-Ca.c test-ser-r-Ca.c test-ser-nr-Ce.c test-ser-r-Ce.c test-ser-nr-Cf.c test-ser-r-Cf.c test-ser-nr-CF.c test-ser-r-CF.c test-ser-nr-Cm.c test-ser-r-Cm.c test-ser-nr-Cem.c test-ser-r-Cem.c test-ser-nr-Cae.c test-ser-r-Cae.c test-ser-nr-Caef.c test-ser-r-Caef.c test-ser-nr-CaeF.c test-ser-r-CaeF.c test-ser-nr-Cam.c test-ser-r-Cam.c test-ser-nr-Caem.c test-ser-r-Caem.c test-opt-nr-Ca.tables test-opt-r-Ca.tables test-opt-nr-Ce.tables test-opt-r-Ce.tables test-opt-nr-Cf.tables test-opt-r-Cf.tables test-opt-nr-CF.tables test-opt-r-CF.tables test-opt-nr-Cm.tables test-opt-r-Cm.tables test-opt-nr-Cem.tables test-opt-r-Cem.tables test-opt-nr-Cae.tables test-opt-r-Cae.tables test-opt-nr-Caef.tables test-opt-r-Caef.tables test-opt-nr-CaeF.tables test-opt-r-CaeF.tables test-opt-nr-Cam.tables test-opt-r-Cam.tables test-opt-nr-Caem.tables test-opt-r-Caem.tables test-ver-nr-Ca.tables test-ver-r-Ca.tables test-ver-nr-Ce.tables test-ver-r-Ce.tables test-ver-nr-Cf.tables test-ver-r-Cf.tables test-ver-nr-CF.tables test-ver-r-CF.tables test-ver-nr-Cm.tables test-ver-r-Cm.tables test-ver-nr-Cem.tables test-ver-r-Cem.tables test-ver-nr-Cae.tables test-ver-r-Cae.tables test-ver-nr-Caef.tables test-ver-r-Caef.tables test-ver-nr-CaeF.tables test-ver-r-CaeF.tables test-ver-nr-Cam.tables test-ver-r-Cam.tables test-ver-nr-Caem.tables test-ver-r-Caem.tables test-ser-nr-Ca.tables test-ser-r-Ca.tables test-ser-nr-Ce.tables test-ser-r-Ce.tables test-ser-nr-Cf.tables test-ser-r-Cf.tables test-ser-nr-CF.tables test-ser-r-CF.tables test-ser-nr-Cm.tables test-ser-r-Cm.tables test-ser-nr-Cem.tables test-ser-r-Cem.tables test-ser-nr-Cae.tables test-ser-r-Cae.tables test-ser-nr-Caef.tables test-ser-r-Caef.tables test-ser-nr-CaeF.tables test-ser-r-CaeF.tables test-ser-nr-Cam.tables test-ser-r-Cam.tables test-ser-nr-Caem.tables test-ser-r-Caem.tables test-mul.tables all-ser.tables test-opt-nr-Ca test-opt-r-Ca test-opt-nr-Ce test-opt-r-Ce test-opt-nr-Cf test-opt-r-Cf test-opt-nr-CF test-opt-r-CF test-opt-nr-Cm test-opt-r-Cm test-opt-nr-Cem test-opt-r-Cem test-opt-nr-Cae test-opt-r-Cae test-opt-nr-Caef test-opt-r-Caef test-opt-nr-CaeF test-opt-r-CaeF test-opt-nr-Cam test-opt-r-Cam test-opt-nr-Caem test-opt-r-Caem test-ver-nr-Ca test-ver-r-Ca test-ver-nr-Ce test-ver-r-Ce test-ver-nr-Cf test-ver-r-Cf test-ver-nr-CF test-ver-r-CF test-ver-nr-Cm test-ver-r-Cm test-ver-nr-Cem test-ver-r-Cem test-ver-nr-Cae test-ver-r-Cae test-ver-nr-Caef test-ver-r-Caef test-ver-nr-CaeF test-ver-r-CaeF test-ver-nr-Cam test-ver-r-Cam test-ver-nr-Caem test-ver-r-Caem test-ser-nr-Ca test-ser-r-Ca test-ser-nr-Ce test-ser-r-Ce test-ser-nr-Cf test-ser-r-Cf test-ser-nr-CF test-ser-r-CF test-ser-nr-Cm test-ser-r-Cm test-ser-nr-Cem test-ser-r-Cem test-ser-nr-Cae test-ser-r-Cae test-ser-nr-Caef test-ser-r-Caef test-ser-nr-CaeF test-ser-r-CaeF test-ser-nr-Cam test-ser-r-Cam test-ser-nr-Caem test-ser-r-Caem
make[5]: Leaving directory `/usr/src/rpm/BUILD/flex-2.5.35/tests/test-table-opts'
Making clean in test-top
make[5]: Entering directory `/usr/src/rpm/BUILD/flex-2.5.35/tests/test-top'
test -z "scanner.c scanner.h test-top OUTPUT scanner.o main.o" || rm -f scanner.c scanner.h test-top OUTPUT scanner.o main.o
make[5]: Leaving directory `/usr/src/rpm/BUILD/flex-2.5.35/tests/test-top'
Making clean in test-noansi-r
make[5]: Entering directory `/usr/src/rpm/BUILD/flex-2.5.35/tests/test-noansi-r'
test -z "scanner.c parser.c parser.h test-noansi-r OUTPUT scanner.o " || rm -f scanner.c parser.c parser.h test-noansi-r OUTPUT scanner.o 
make[5]: Leaving directory `/usr/src/rpm/BUILD/flex-2.5.35/tests/test-noansi-r'
Making clean in test-noansi-nr
make[5]: Entering directory `/usr/src/rpm/BUILD/flex-2.5.35/tests/test-noansi-nr'
test -z "scanner.c parser.c parser.h test-noansi-nr OUTPUT scanner.o " || rm -f scanner.c parser.c parser.h test-noansi-nr OUTPUT scanner.o 
make[5]: Leaving directory `/usr/src/rpm/BUILD/flex-2.5.35/tests/test-noansi-nr'
Making clean in test-alloc-extra
make[5]: Entering directory `/usr/src/rpm/BUILD/flex-2.5.35/tests/test-alloc-extra'
test -z "scanner.c scanner.h parser.c parser.h test-alloc-extra OUTPUT scanner.o " || rm -f scanner.c scanner.h parser.c parser.h test-alloc-extra OUTPUT scanner.o 
make[5]: Leaving directory `/usr/src/rpm/BUILD/flex-2.5.35/tests/test-alloc-extra'
Making clean in test-yyextra
make[5]: Entering directory `/usr/src/rpm/BUILD/flex-2.5.35/tests/test-yyextra'
test -z "scanner.c scanner.h parser.c parser.h test-yyextra OUTPUT scanner.o " || rm -f scanner.c scanner.h parser.c parser.h test-yyextra OUTPUT scanner.o 
make[5]: Leaving directory `/usr/src/rpm/BUILD/flex-2.5.35/tests/test-yyextra'
Making clean in test-string-r
make[5]: Entering directory `/usr/src/rpm/BUILD/flex-2.5.35/tests/test-string-r'
test -z "scanner.c scanner.h parser.c parser.h test-string-r OUTPUT scanner.o " || rm -f scanner.c scanner.h parser.c parser.h test-string-r OUTPUT scanner.o 
make[5]: Leaving directory `/usr/src/rpm/BUILD/flex-2.5.35/tests/test-string-r'
Making clean in test-string-nr
make[5]: Entering directory `/usr/src/rpm/BUILD/flex-2.5.35/tests/test-string-nr'
test -z "scanner.c scanner.h parser.c parser.h test-string-nr OUTPUT scanner.o " || rm -f scanner.c scanner.h parser.c parser.h test-string-nr OUTPUT scanner.o 
make[5]: Leaving directory `/usr/src/rpm/BUILD/flex-2.5.35/tests/test-string-nr'
Making clean in test-pthread
make[5]: Entering directory `/usr/src/rpm/BUILD/flex-2.5.35/tests/test-pthread'
test -z "scanner.c scanner.h parser.c parser.h test-pthread OUTPUT scanner.o " || rm -f scanner.c scanner.h parser.c parser.h test-pthread OUTPUT scanner.o 
make[5]: Leaving directory `/usr/src/rpm/BUILD/flex-2.5.35/tests/test-pthread'
Making clean in test-prefix-r
make[5]: Entering directory `/usr/src/rpm/BUILD/flex-2.5.35/tests/test-prefix-r'
test -z "scanner.c scanner.h parser.c parser.h test-prefix-r OUTPUT scanner.o " || rm -f scanner.c scanner.h parser.c parser.h test-prefix-r OUTPUT scanner.o 
make[5]: Leaving directory `/usr/src/rpm/BUILD/flex-2.5.35/tests/test-prefix-r'
Making clean in test-prefix-nr
make[5]: Entering directory `/usr/src/rpm/BUILD/flex-2.5.35/tests/test-prefix-nr'
test -z "scanner.c scanner.h parser.c parser.h test-prefix-nr OUTPUT scanner.o " || rm -f scanner.c scanner.h parser.c parser.h test-prefix-nr OUTPUT scanner.o 
make[5]: Leaving directory `/usr/src/rpm/BUILD/flex-2.5.35/tests/test-prefix-nr'
Making clean in test-include-by-reentrant
make[5]: Entering directory `/usr/src/rpm/BUILD/flex-2.5.35/tests/test-include-by-reentrant'
test -z "scanner.c scanner.h parser.c parser.h test-include-by-reentrant OUTPUT scanner.o " || rm -f scanner.c scanner.h parser.c parser.h test-include-by-reentrant OUTPUT scanner.o 
make[5]: Leaving directory `/usr/src/rpm/BUILD/flex-2.5.35/tests/test-include-by-reentrant'
Making clean in test-include-by-push
make[5]: Entering directory `/usr/src/rpm/BUILD/flex-2.5.35/tests/test-include-by-push'
test -z "scanner.c scanner.h parser.c parser.h test-include-by-push OUTPUT scanner.o " || rm -f scanner.c scanner.h parser.c parser.h test-include-by-push OUTPUT scanner.o 
make[5]: Leaving directory `/usr/src/rpm/BUILD/flex-2.5.35/tests/test-include-by-push'
Making clean in test-include-by-buffer
make[5]: Entering directory `/usr/src/rpm/BUILD/flex-2.5.35/tests/test-include-by-buffer'
test -z "scanner.c scanner.h parser.c parser.h test-include-by-buffer OUTPUT scanner.o " || rm -f scanner.c scanner.h parser.c parser.h test-include-by-buffer OUTPUT scanner.o 
make[5]: Leaving directory `/usr/src/rpm/BUILD/flex-2.5.35/tests/test-include-by-buffer'
Making clean in test-c-cpp-r
make[5]: Entering directory `/usr/src/rpm/BUILD/flex-2.5.35/tests/test-c-cpp-r'
test -z "scanner.cpp test-c-cpp-r scanner.o OUTPUT" || rm -f scanner.cpp test-c-cpp-r scanner.o OUTPUT
make[5]: Leaving directory `/usr/src/rpm/BUILD/flex-2.5.35/tests/test-c-cpp-r'
Making clean in test-c-cpp-nr
make[5]: Entering directory `/usr/src/rpm/BUILD/flex-2.5.35/tests/test-c-cpp-nr'
test -z "scanner.cpp test-c-cpp-nr scanner.o OUTPUT" || rm -f scanner.cpp test-c-cpp-nr scanner.o OUTPUT
make[5]: Leaving directory `/usr/src/rpm/BUILD/flex-2.5.35/tests/test-c-cpp-nr'
Making clean in test-array-r
make[5]: Entering directory `/usr/src/rpm/BUILD/flex-2.5.35/tests/test-array-r'
test -z "scanner.c test-array-r OUTPUT scanner.o" || rm -f scanner.c test-array-r OUTPUT scanner.o
make[5]: Leaving directory `/usr/src/rpm/BUILD/flex-2.5.35/tests/test-array-r'
Making clean in test-array-nr
make[5]: Entering directory `/usr/src/rpm/BUILD/flex-2.5.35/tests/test-array-nr'
test -z "scanner.c parser.c parser.h test-array-nr OUTPUT scanner.o " || rm -f scanner.c parser.c parser.h test-array-nr OUTPUT scanner.o 
make[5]: Leaving directory `/usr/src/rpm/BUILD/flex-2.5.35/tests/test-array-nr'
Making clean in test-linedir-r
make[5]: Entering directory `/usr/src/rpm/BUILD/flex-2.5.35/tests/test-linedir-r'
test -z "scanner.c scanner.h test-linedir-r OUTPUT scanner.o main.o" || rm -f scanner.c scanner.h test-linedir-r OUTPUT scanner.o main.o
make[5]: Leaving directory `/usr/src/rpm/BUILD/flex-2.5.35/tests/test-linedir-r'
Making clean in test-lineno-nr
make[5]: Entering directory `/usr/src/rpm/BUILD/flex-2.5.35/tests/test-lineno-nr'
test -z "scanner.c test-lineno-nr OUTPUT scanner.o" || rm -f scanner.c test-lineno-nr OUTPUT scanner.o
make[5]: Leaving directory `/usr/src/rpm/BUILD/flex-2.5.35/tests/test-lineno-nr'
Making clean in test-lineno-r
make[5]: Entering directory `/usr/src/rpm/BUILD/flex-2.5.35/tests/test-lineno-r'
test -z "scanner.c test-lineno-r OUTPUT scanner.o" || rm -f scanner.c test-lineno-r OUTPUT scanner.o
make[5]: Leaving directory `/usr/src/rpm/BUILD/flex-2.5.35/tests/test-lineno-r'
Making clean in test-debug-r
make[5]: Entering directory `/usr/src/rpm/BUILD/flex-2.5.35/tests/test-debug-r'
test -z "scanner.c test-debug-r OUTPUT scanner.o " || rm -f scanner.c test-debug-r OUTPUT scanner.o 
make[5]: Leaving directory `/usr/src/rpm/BUILD/flex-2.5.35/tests/test-debug-r'
Making clean in test-debug-nr
make[5]: Entering directory `/usr/src/rpm/BUILD/flex-2.5.35/tests/test-debug-nr'
test -z "scanner.c scanner.h test-debug-nr OUTPUT scanner.o" || rm -f scanner.c scanner.h test-debug-nr OUTPUT scanner.o
make[5]: Leaving directory `/usr/src/rpm/BUILD/flex-2.5.35/tests/test-debug-nr'
Making clean in test-mem-nr
make[5]: Entering directory `/usr/src/rpm/BUILD/flex-2.5.35/tests/test-mem-nr'
test -z "scanner.c scanner.h test-mem-nr OUTPUT scanner.o" || rm -f scanner.c scanner.h test-mem-nr OUTPUT scanner.o
make[5]: Leaving directory `/usr/src/rpm/BUILD/flex-2.5.35/tests/test-mem-nr'
Making clean in test-mem-r
make[5]: Entering directory `/usr/src/rpm/BUILD/flex-2.5.35/tests/test-mem-r'
test -z "scanner.c scanner.h test-mem-r OUTPUT scanner.o" || rm -f scanner.c scanner.h test-mem-r OUTPUT scanner.o
make[5]: Leaving directory `/usr/src/rpm/BUILD/flex-2.5.35/tests/test-mem-r'
Making clean in test-posix
make[5]: Entering directory `/usr/src/rpm/BUILD/flex-2.5.35/tests/test-posix'
test -z "scanner.c scanner.h test-posix OUTPUT scanner.o" || rm -f scanner.c scanner.h test-posix OUTPUT scanner.o
make[5]: Leaving directory `/usr/src/rpm/BUILD/flex-2.5.35/tests/test-posix'
Making clean in test-posixly-correct
make[5]: Entering directory `/usr/src/rpm/BUILD/flex-2.5.35/tests/test-posixly-correct'
test -z "scanner.c scanner.h test-posixly-correct OUTPUT scanner.o " || rm -f scanner.c scanner.h test-posixly-correct OUTPUT scanner.o 
make[5]: Leaving directory `/usr/src/rpm/BUILD/flex-2.5.35/tests/test-posixly-correct'
Making clean in test-c++-basic
make[5]: Entering directory `/usr/src/rpm/BUILD/flex-2.5.35/tests/test-c++-basic'
test -z "scanner.cpp scanner.h test-c++-basic OUTPUT scanner.o" || rm -f scanner.cpp scanner.h test-c++-basic OUTPUT scanner.o
make[5]: Leaving directory `/usr/src/rpm/BUILD/flex-2.5.35/tests/test-c++-basic'
Making clean in test-c++-multiple-scanners
make[5]: Entering directory `/usr/src/rpm/BUILD/flex-2.5.35/tests/test-c++-multiple-scanners'
test -z "scanner-1.cpp test-c++-multiple-scanners OUTPUT scanner-1.o scanner-2.o main.o scanner-2.cpp" || rm -f scanner-1.cpp test-c++-multiple-scanners OUTPUT scanner-1.o scanner-2.o main.o scanner-2.cpp
make[5]: Leaving directory `/usr/src/rpm/BUILD/flex-2.5.35/tests/test-c++-multiple-scanners'
Making clean in test-reject
make[5]: Entering directory `/usr/src/rpm/BUILD/flex-2.5.35/tests/test-reject'
test -z "scanner.c test-reject-* OUTPUT test-reject-nr.o test-reject-r.o test-reject-ver.o test-reject-ser.o" || rm -f scanner.c test-reject-* OUTPUT test-reject-nr.o test-reject-r.o test-reject-ver.o test-reject-ser.o
make[5]: Leaving directory `/usr/src/rpm/BUILD/flex-2.5.35/tests/test-reject'
Making clean in test-header-r
make[5]: Entering directory `/usr/src/rpm/BUILD/flex-2.5.35/tests/test-header-r'
test -z "scanner.c scanner.h test-header-r OUTPUT scanner.o main.o" || rm -f scanner.c scanner.h test-header-r OUTPUT scanner.o main.o
make[5]: Leaving directory `/usr/src/rpm/BUILD/flex-2.5.35/tests/test-header-r'
Making clean in test-header-nr
make[5]: Entering directory `/usr/src/rpm/BUILD/flex-2.5.35/tests/test-header-nr'
test -z "scanner.c scanner.h test-header-nr scanner.o main.o OUTPUT" || rm -f scanner.c scanner.h test-header-nr scanner.o main.o OUTPUT
make[5]: Leaving directory `/usr/src/rpm/BUILD/flex-2.5.35/tests/test-header-nr'
Making clean in test-multiple-scanners-r
make[5]: Entering directory `/usr/src/rpm/BUILD/flex-2.5.35/tests/test-multiple-scanners-r'
test -z "scanner-1.c scanner-1.h test-multiple-scanners-r OUTPUT scanner-1.o scanner-2.o main.o scanner-2.c scanner-2.h scanner-1.tables scanner-2.tables" || rm -f scanner-1.c scanner-1.h test-multiple-scanners-r OUTPUT scanner-1.o scanner-2.o main.o scanner-2.c scanner-2.h scanner-1.tables scanner-2.tables
make[5]: Leaving directory `/usr/src/rpm/BUILD/flex-2.5.35/tests/test-multiple-scanners-r'
Making clean in test-multiple-scanners-nr
make[5]: Entering directory `/usr/src/rpm/BUILD/flex-2.5.35/tests/test-multiple-scanners-nr'
test -z "scanner-1.c scanner-1.h test-multiple-scanners-nr OUTPUT scanner-1.o scanner-2.o main.o scanner-2.c scanner-2.h" || rm -f scanner-1.c scanner-1.h test-multiple-scanners-nr OUTPUT scanner-1.o scanner-2.o main.o scanner-2.c scanner-2.h
make[5]: Leaving directory `/usr/src/rpm/BUILD/flex-2.5.35/tests/test-multiple-scanners-nr'
Making clean in test-bison-nr
make[5]: Entering directory `/usr/src/rpm/BUILD/flex-2.5.35/tests/test-bison-nr'
test -z "scanner.c scanner.h parser.c parser.h test-bison-nr scanner.o parser.o main.o OUTPUT" || rm -f scanner.c scanner.h parser.c parser.h test-bison-nr scanner.o parser.o main.o OUTPUT
make[5]: Leaving directory `/usr/src/rpm/BUILD/flex-2.5.35/tests/test-bison-nr'
Making clean in test-bison-yylval
make[5]: Entering directory `/usr/src/rpm/BUILD/flex-2.5.35/tests/test-bison-yylval'
test -z "scanner.c scanner.h parser.c parser.h test-bison-yylval parser.o scanner.o main.o OUTPUT" || rm -f scanner.c scanner.h parser.c parser.h test-bison-yylval parser.o scanner.o main.o OUTPUT
make[5]: Leaving directory `/usr/src/rpm/BUILD/flex-2.5.35/tests/test-bison-yylval'
Making clean in test-bison-yylloc
make[5]: Entering directory `/usr/src/rpm/BUILD/flex-2.5.35/tests/test-bison-yylloc'
test -z "scanner.c scanner.h parser.c parser.h test-bison-yylloc scanner.o parser.o main.o OUTPUT" || rm -f scanner.c scanner.h parser.c parser.h test-bison-yylloc scanner.o parser.o main.o OUTPUT
make[5]: Leaving directory `/usr/src/rpm/BUILD/flex-2.5.35/tests/test-bison-yylloc'
Making clean in test-basic-r
make[5]: Entering directory `/usr/src/rpm/BUILD/flex-2.5.35/tests/test-basic-r'
test -z "scanner.c parser.c parser.h test-basic-r OUTPUT scanner.o " || rm -f scanner.c parser.c parser.h test-basic-r OUTPUT scanner.o 
make[5]: Leaving directory `/usr/src/rpm/BUILD/flex-2.5.35/tests/test-basic-r'
Making clean in test-basic-nr
make[5]: Entering directory `/usr/src/rpm/BUILD/flex-2.5.35/tests/test-basic-nr'
test -z "scanner.c parser.c parser.h test-basic-nr OUTPUT scanner.o " || rm -f scanner.c parser.c parser.h test-basic-nr OUTPUT scanner.o 
make[5]: Leaving directory `/usr/src/rpm/BUILD/flex-2.5.35/tests/test-basic-nr'
Making clean in test-rescan-nr
make[5]: Entering directory `/usr/src/rpm/BUILD/flex-2.5.35/tests/test-rescan-nr'
test -z "scanner.c scanner.h test-rescan-nr OUTPUT scanner.o " || rm -f scanner.c scanner.h test-rescan-nr OUTPUT scanner.o 
make[5]: Leaving directory `/usr/src/rpm/BUILD/flex-2.5.35/tests/test-rescan-nr'
Making clean in test-rescan-r
make[5]: Entering directory `/usr/src/rpm/BUILD/flex-2.5.35/tests/test-rescan-r'
test -z "scanner.c scanner.h test-rescan-r OUTPUT scanner.o " || rm -f scanner.c scanner.h test-rescan-r OUTPUT scanner.o 
make[5]: Leaving directory `/usr/src/rpm/BUILD/flex-2.5.35/tests/test-rescan-r'
Making clean in test-quotes
make[5]: Entering directory `/usr/src/rpm/BUILD/flex-2.5.35/tests/test-quotes'
test -z "l.out c.out  scanner.c scanner.h test-quotes OUTPUT scanner.o" || rm -f l.out c.out  scanner.c scanner.h test-quotes OUTPUT scanner.o
make[5]: Leaving directory `/usr/src/rpm/BUILD/flex-2.5.35/tests/test-quotes'
Making clean in test-ccl
make[5]: Entering directory `/usr/src/rpm/BUILD/flex-2.5.35/tests/test-ccl'
test -z "scanner.c scanner.h  test-ccl OUTPUT scanner.o" || rm -f scanner.c scanner.h  test-ccl OUTPUT scanner.o
make[5]: Leaving directory `/usr/src/rpm/BUILD/flex-2.5.35/tests/test-ccl'
Making clean in test-extended
make[5]: Entering directory `/usr/src/rpm/BUILD/flex-2.5.35/tests/test-extended'
test -z "scanner.c scanner.h test-extended OUTPUT scanner.o" || rm -f scanner.c scanner.h test-extended OUTPUT scanner.o
make[5]: Leaving directory `/usr/src/rpm/BUILD/flex-2.5.35/tests/test-extended'
Making clean in test-c++-yywrap
make[5]: Entering directory `/usr/src/rpm/BUILD/flex-2.5.35/tests/test-c++-yywrap'
test -z "scanner.cpp scanner.h test-c++-yywrap OUTPUT scanner.o" || rm -f scanner.cpp scanner.h test-c++-yywrap OUTPUT scanner.o
make[5]: Leaving directory `/usr/src/rpm/BUILD/flex-2.5.35/tests/test-c++-yywrap'
Making clean in test-concatenated-options
make[5]: Entering directory `/usr/src/rpm/BUILD/flex-2.5.35/tests/test-concatenated-options'
test -z "OUTPUT" || rm -f OUTPUT
make[5]: Leaving directory `/usr/src/rpm/BUILD/flex-2.5.35/tests/test-concatenated-options'
Making clean in .
make[5]: Entering directory `/usr/src/rpm/BUILD/flex-2.5.35/tests'
make[5]: Nothing to be done for `clean-am'.
make[5]: Leaving directory `/usr/src/rpm/BUILD/flex-2.5.35/tests'
NOK=;\
NFAIL=;\
for dir in test-concatenated-options test-c++-yywrap test-extended test-ccl test-quotes test-rescan-r test-rescan-nr test-basic-nr test-basic-r test-bison-yylloc test-bison-yylval test-bison-nr test-multiple-scanners-nr test-multiple-scanners-r test-header-nr test-header-r test-reject test-c++-multiple-scanners test-c++-basic test-posixly-correct test-posix test-mem-r test-mem-nr test-debug-nr test-debug-r test-lineno-r test-lineno-nr test-linedir-r test-array-nr test-array-r test-c-cpp-nr test-c-cpp-r test-include-by-buffer test-include-by-push test-include-by-reentrant test-prefix-nr test-prefix-r test-pthread test-string-nr test-string-r test-yyextra test-alloc-extra test-noansi-nr test-noansi-r test-top test-table-opts ; do \
	echo Executing test "$dir" ; \
	( cd "$dir" && make test  > OUTPUT 2>&1 ) ; \
	case $? in \
		0 )  echo Test "$dir" succeeded.; \
			NOK=0$NOK;\
			;; \
		* )  echo Test "$dir" FAILED. See "$dir"/OUTPUT for details. ; \
			NFAIL=0$NFAIL; \
			;; \
	esac; \
done ; \
echo Results: ; \
echo Tests succeeded: `echo -n "$NOK"|wc -c`; \
echo Tests FAILED: `echo -n "$NFAIL"|wc -c` ; \
test "$NFAIL" = ""
Executing test test-concatenated-options
Test test-concatenated-options succeeded.
Executing test test-c++-yywrap
Test test-c++-yywrap succeeded.
Executing test test-extended
Test test-extended succeeded.
Executing test test-ccl
Test test-ccl succeeded.
Executing test test-quotes
Test test-quotes succeeded.
Executing test test-rescan-r
Test test-rescan-r succeeded.
Executing test test-rescan-nr
Test test-rescan-nr succeeded.
Executing test test-basic-nr
Test test-basic-nr succeeded.
Executing test test-basic-r
Test test-basic-r succeeded.
Executing test test-bison-yylloc
Test test-bison-yylloc succeeded.
Executing test test-bison-yylval
Test test-bison-yylval succeeded.
Executing test test-bison-nr
Test test-bison-nr succeeded.
Executing test test-multiple-scanners-nr
Test test-multiple-scanners-nr succeeded.
Executing test test-multiple-scanners-r
Test test-multiple-scanners-r succeeded.
Executing test test-header-nr
Test test-header-nr succeeded.
Executing test test-header-r
Test test-header-r succeeded.
Executing test test-reject
Test test-reject succeeded.
Executing test test-c++-multiple-scanners
Test test-c++-multiple-scanners succeeded.
Executing test test-c++-basic
Test test-c++-basic succeeded.
Executing test test-posixly-correct
Test test-posixly-correct succeeded.
Executing test test-posix
Test test-posix succeeded.
Executing test test-mem-r
Test test-mem-r succeeded.
Executing test test-mem-nr
Test test-mem-nr succeeded.
Executing test test-debug-nr
Test test-debug-nr succeeded.
Executing test test-debug-r
Test test-debug-r succeeded.
Executing test test-lineno-r
Test test-lineno-r succeeded.
Executing test test-lineno-nr
Test test-lineno-nr succeeded.
Executing test test-linedir-r
Test test-linedir-r succeeded.
Executing test test-array-nr
Test test-array-nr succeeded.
Executing test test-array-r
Test test-array-r succeeded.
Executing test test-c-cpp-nr
Test test-c-cpp-nr succeeded.
Executing test test-c-cpp-r
Test test-c-cpp-r succeeded.
Executing test test-include-by-buffer
Test test-include-by-buffer succeeded.
Executing test test-include-by-push
Test test-include-by-push succeeded.
Executing test test-include-by-reentrant
Test test-include-by-reentrant succeeded.
Executing test test-prefix-nr
Test test-prefix-nr succeeded.
Executing test test-prefix-r
Test test-prefix-r succeeded.
Executing test test-pthread
Test test-pthread succeeded.
Executing test test-string-nr
Test test-string-nr succeeded.
Executing test test-string-r
Test test-string-r succeeded.
Executing test test-yyextra
Test test-yyextra succeeded.
Executing test test-alloc-extra
Test test-alloc-extra succeeded.
Executing test test-noansi-nr
Test test-noansi-nr succeeded.
Executing test test-noansi-r
Test test-noansi-r succeeded.
Executing test test-top
Test test-top succeeded.
Executing test test-table-opts
Test test-table-opts succeeded.
Results:
Tests succeeded: 46
Tests FAILED: 0
make[4]: Leaving directory `/usr/src/rpm/BUILD/flex-2.5.35/tests'
make[3]: Leaving directory `/usr/src/rpm/BUILD/flex-2.5.35/tests'
make[2]: Leaving directory `/usr/src/rpm/BUILD/flex-2.5.35/tests'
make[1]: Leaving directory `/usr/src/rpm/BUILD/flex-2.5.35'
+ exit 0
Executing(%install): /bin/sh -e /var/tmp/rpm-tmp.34848
+ umask 022
+ cd /usr/src/rpm/BUILD
+ /bin/rm -rf /var/tmp/flex-root
+ /bin/mkdir -p /var/tmp/flex-root
+ cd flex-2.5.35
+ make DESTDIR=/var/tmp/flex-root install
make  install-recursive
make[1]: Entering directory `/usr/src/rpm/BUILD/flex-2.5.35'
Making install in .
make[2]: Entering directory `/usr/src/rpm/BUILD/flex-2.5.35'
make[3]: Entering directory `/usr/src/rpm/BUILD/flex-2.5.35'
test -z "/usr/bin" || mkdir -p -- "/var/tmp/flex-root/usr/bin"
  /usr/bin/install -c 'flex' '/var/tmp/flex-root/usr/bin/flex'
test -z "/usr/lib64" || mkdir -p -- "/var/tmp/flex-root/usr/lib64"
 /usr/bin/install -c -m 644 'libfl.a' '/var/tmp/flex-root/usr/lib64/libfl.a'
 /usr/bin/install -c -m 644 'libfl_pic.a' '/var/tmp/flex-root/usr/lib64/libfl_pic.a'
 ranlib '/var/tmp/flex-root/usr/lib64/libfl.a'
 ranlib '/var/tmp/flex-root/usr/lib64/libfl_pic.a'
test -z "/usr/include" || mkdir -p -- "/var/tmp/flex-root/usr/include"
 /usr/bin/install -c -m 644 'FlexLexer.h' '/var/tmp/flex-root/usr/include/FlexLexer.h'
make[3]: Leaving directory `/usr/src/rpm/BUILD/flex-2.5.35'
make[2]: Leaving directory `/usr/src/rpm/BUILD/flex-2.5.35'
Making install in doc
make[2]: Entering directory `/usr/src/rpm/BUILD/flex-2.5.35/doc'
make[3]: Entering directory `/usr/src/rpm/BUILD/flex-2.5.35/doc'
make[3]: Nothing to be done for `install-exec-am'.
test -z "/usr/share/info" || mkdir -p -- "/var/tmp/flex-root/usr/share/info"
 /usr/bin/install -c -m 644 './flex.info' '/var/tmp/flex-root/usr/share/info/flex.info'
 /usr/bin/install -c -m 644 './flex.info-1' '/var/tmp/flex-root/usr/share/info/flex.info-1'
 /usr/bin/install -c -m 644 './flex.info-2' '/var/tmp/flex-root/usr/share/info/flex.info-2'
 install-info --info-dir='/var/tmp/flex-root/usr/share/info' '/var/tmp/flex-root/usr/share/info/flex.info'
test -z "/usr/share/man/man1" || mkdir -p -- "/var/tmp/flex-root/usr/share/man/man1"
 /usr/bin/install -c -m 644 './flex.1' '/var/tmp/flex-root/usr/share/man/man1/flex.1'
make[3]: Leaving directory `/usr/src/rpm/BUILD/flex-2.5.35/doc'
make[2]: Leaving directory `/usr/src/rpm/BUILD/flex-2.5.35/doc'
Making install in m4
make[2]: Entering directory `/usr/src/rpm/BUILD/flex-2.5.35/m4'
make[3]: Entering directory `/usr/src/rpm/BUILD/flex-2.5.35/m4'
make[3]: Nothing to be done for `install-exec-am'.
make[3]: Nothing to be done for `install-data-am'.
make[3]: Leaving directory `/usr/src/rpm/BUILD/flex-2.5.35/m4'
make[2]: Leaving directory `/usr/src/rpm/BUILD/flex-2.5.35/m4'
Making install in examples
make[2]: Entering directory `/usr/src/rpm/BUILD/flex-2.5.35/examples'
Making install in manual
make[3]: Entering directory `/usr/src/rpm/BUILD/flex-2.5.35/examples/manual'
make[4]: Entering directory `/usr/src/rpm/BUILD/flex-2.5.35/examples/manual'
make[4]: Nothing to be done for `install-exec-am'.
make[4]: Nothing to be done for `install-data-am'.
make[4]: Leaving directory `/usr/src/rpm/BUILD/flex-2.5.35/examples/manual'
make[3]: Leaving directory `/usr/src/rpm/BUILD/flex-2.5.35/examples/manual'
Making install in fastwc
make[3]: Entering directory `/usr/src/rpm/BUILD/flex-2.5.35/examples/fastwc'
make[4]: Entering directory `/usr/src/rpm/BUILD/flex-2.5.35/examples/fastwc'
make[4]: Nothing to be done for `install-exec-am'.
make[4]: Nothing to be done for `install-data-am'.
make[4]: Leaving directory `/usr/src/rpm/BUILD/flex-2.5.35/examples/fastwc'
make[3]: Leaving directory `/usr/src/rpm/BUILD/flex-2.5.35/examples/fastwc'
make[3]: Entering directory `/usr/src/rpm/BUILD/flex-2.5.35/examples'
make[4]: Entering directory `/usr/src/rpm/BUILD/flex-2.5.35/examples'
make[4]: Nothing to be done for `install-exec-am'.
make[4]: Nothing to be done for `install-data-am'.
make[4]: Leaving directory `/usr/src/rpm/BUILD/flex-2.5.35/examples'
make[3]: Leaving directory `/usr/src/rpm/BUILD/flex-2.5.35/examples'
make[2]: Leaving directory `/usr/src/rpm/BUILD/flex-2.5.35/examples'
Making install in po
make[2]: Entering directory `/usr/src/rpm/BUILD/flex-2.5.35/po'
/bin/sh .././mkinstalldirs /var/tmp/flex-root/usr/share
mkdir -p -- /var/tmp/flex-root/usr/share/locale/ca/LC_MESSAGES
installing ca.gmo as /var/tmp/flex-root/usr/share/locale/ca/LC_MESSAGES/flex.mo
mkdir -p -- /var/tmp/flex-root/usr/share/locale/da/LC_MESSAGES
installing da.gmo as /var/tmp/flex-root/usr/share/locale/da/LC_MESSAGES/flex.mo
mkdir -p -- /var/tmp/flex-root/usr/share/locale/de/LC_MESSAGES
installing de.gmo as /var/tmp/flex-root/usr/share/locale/de/LC_MESSAGES/flex.mo
mkdir -p -- /var/tmp/flex-root/usr/share/locale/es/LC_MESSAGES
installing es.gmo as /var/tmp/flex-root/usr/share/locale/es/LC_MESSAGES/flex.mo
mkdir -p -- /var/tmp/flex-root/usr/share/locale/fr/LC_MESSAGES
installing fr.gmo as /var/tmp/flex-root/usr/share/locale/fr/LC_MESSAGES/flex.mo
mkdir -p -- /var/tmp/flex-root/usr/share/locale/ga/LC_MESSAGES
installing ga.gmo as /var/tmp/flex-root/usr/share/locale/ga/LC_MESSAGES/flex.mo
mkdir -p -- /var/tmp/flex-root/usr/share/locale/ko/LC_MESSAGES
installing ko.gmo as /var/tmp/flex-root/usr/share/locale/ko/LC_MESSAGES/flex.mo
mkdir -p -- /var/tmp/flex-root/usr/share/locale/nl/LC_MESSAGES
installing nl.gmo as /var/tmp/flex-root/usr/share/locale/nl/LC_MESSAGES/flex.mo
mkdir -p -- /var/tmp/flex-root/usr/share/locale/pl/LC_MESSAGES
installing pl.gmo as /var/tmp/flex-root/usr/share/locale/pl/LC_MESSAGES/flex.mo
mkdir -p -- /var/tmp/flex-root/usr/share/locale/pt_BR/LC_MESSAGES
installing pt_BR.gmo as /var/tmp/flex-root/usr/share/locale/pt_BR/LC_MESSAGES/flex.mo
mkdir -p -- /var/tmp/flex-root/usr/share/locale/ro/LC_MESSAGES
installing ro.gmo as /var/tmp/flex-root/usr/share/locale/ro/LC_MESSAGES/flex.mo
mkdir -p -- /var/tmp/flex-root/usr/share/locale/ru/LC_MESSAGES
installing ru.gmo as /var/tmp/flex-root/usr/share/locale/ru/LC_MESSAGES/flex.mo
mkdir -p -- /var/tmp/flex-root/usr/share/locale/sv/LC_MESSAGES
installing sv.gmo as /var/tmp/flex-root/usr/share/locale/sv/LC_MESSAGES/flex.mo
mkdir -p -- /var/tmp/flex-root/usr/share/locale/tr/LC_MESSAGES
installing tr.gmo as /var/tmp/flex-root/usr/share/locale/tr/LC_MESSAGES/flex.mo
mkdir -p -- /var/tmp/flex-root/usr/share/locale/vi/LC_MESSAGES
installing vi.gmo as /var/tmp/flex-root/usr/share/locale/vi/LC_MESSAGES/flex.mo
mkdir -p -- /var/tmp/flex-root/usr/share/locale/zh_CN/LC_MESSAGES
installing zh_CN.gmo as /var/tmp/flex-root/usr/share/locale/zh_CN/LC_MESSAGES/flex.mo
if test "flex" = "gettext-tools"; then \
  /bin/sh .././mkinstalldirs /var/tmp/flex-root/usr/share/gettext/po; \
  for file in Makefile.in.in remove-potcdate.sin quot.sed boldquot.sed en@quot.header en@boldquot.header insert-header.sin Rules-quot   Makevars.template; do \
    /usr/bin/install -c -m 644 ./$file \
		    /var/tmp/flex-root/usr/share/gettext/po/$file; \
  done; \
  for file in Makevars; do \
    rm -f /var/tmp/flex-root/usr/share/gettext/po/$file; \
  done; \
else \
  : ; \
fi
make[2]: Leaving directory `/usr/src/rpm/BUILD/flex-2.5.35/po'
Making install in tools
make[2]: Entering directory `/usr/src/rpm/BUILD/flex-2.5.35/tools'
make[3]: Entering directory `/usr/src/rpm/BUILD/flex-2.5.35/tools'
make[3]: Nothing to be done for `install-exec-am'.
make[3]: Nothing to be done for `install-data-am'.
make[3]: Leaving directory `/usr/src/rpm/BUILD/flex-2.5.35/tools'
make[2]: Leaving directory `/usr/src/rpm/BUILD/flex-2.5.35/tools'
Making install in tests
make[2]: Entering directory `/usr/src/rpm/BUILD/flex-2.5.35/tests'
Making install in test-concatenated-options
make[3]: Entering directory `/usr/src/rpm/BUILD/flex-2.5.35/tests/test-concatenated-options'
make[4]: Entering directory `/usr/src/rpm/BUILD/flex-2.5.35/tests/test-concatenated-options'
make[4]: Nothing to be done for `install-exec-am'.
make[4]: Nothing to be done for `install-data-am'.
make[4]: Leaving directory `/usr/src/rpm/BUILD/flex-2.5.35/tests/test-concatenated-options'
make[3]: Leaving directory `/usr/src/rpm/BUILD/flex-2.5.35/tests/test-concatenated-options'
Making install in test-c++-yywrap
make[3]: Entering directory `/usr/src/rpm/BUILD/flex-2.5.35/tests/test-c++-yywrap'
make[4]: Entering directory `/usr/src/rpm/BUILD/flex-2.5.35/tests/test-c++-yywrap'
make[4]: Nothing to be done for `install-exec-am'.
make[4]: Nothing to be done for `install-data-am'.
make[4]: Leaving directory `/usr/src/rpm/BUILD/flex-2.5.35/tests/test-c++-yywrap'
make[3]: Leaving directory `/usr/src/rpm/BUILD/flex-2.5.35/tests/test-c++-yywrap'
Making install in test-extended
make[3]: Entering directory `/usr/src/rpm/BUILD/flex-2.5.35/tests/test-extended'
make[4]: Entering directory `/usr/src/rpm/BUILD/flex-2.5.35/tests/test-extended'
make[4]: Nothing to be done for `install-exec-am'.
make[4]: Nothing to be done for `install-data-am'.
make[4]: Leaving directory `/usr/src/rpm/BUILD/flex-2.5.35/tests/test-extended'
make[3]: Leaving directory `/usr/src/rpm/BUILD/flex-2.5.35/tests/test-extended'
Making install in test-ccl
make[3]: Entering directory `/usr/src/rpm/BUILD/flex-2.5.35/tests/test-ccl'
make[4]: Entering directory `/usr/src/rpm/BUILD/flex-2.5.35/tests/test-ccl'
make[4]: Nothing to be done for `install-exec-am'.
make[4]: Nothing to be done for `install-data-am'.
make[4]: Leaving directory `/usr/src/rpm/BUILD/flex-2.5.35/tests/test-ccl'
make[3]: Leaving directory `/usr/src/rpm/BUILD/flex-2.5.35/tests/test-ccl'
Making install in test-quotes
make[3]: Entering directory `/usr/src/rpm/BUILD/flex-2.5.35/tests/test-quotes'
make[4]: Entering directory `/usr/src/rpm/BUILD/flex-2.5.35/tests/test-quotes'
make[4]: Nothing to be done for `install-exec-am'.
make[4]: Nothing to be done for `install-data-am'.
make[4]: Leaving directory `/usr/src/rpm/BUILD/flex-2.5.35/tests/test-quotes'
make[3]: Leaving directory `/usr/src/rpm/BUILD/flex-2.5.35/tests/test-quotes'
Making install in test-rescan-r
make[3]: Entering directory `/usr/src/rpm/BUILD/flex-2.5.35/tests/test-rescan-r'
make[4]: Entering directory `/usr/src/rpm/BUILD/flex-2.5.35/tests/test-rescan-r'
make[4]: Nothing to be done for `install-exec-am'.
make[4]: Nothing to be done for `install-data-am'.
make[4]: Leaving directory `/usr/src/rpm/BUILD/flex-2.5.35/tests/test-rescan-r'
make[3]: Leaving directory `/usr/src/rpm/BUILD/flex-2.5.35/tests/test-rescan-r'
Making install in test-rescan-nr
make[3]: Entering directory `/usr/src/rpm/BUILD/flex-2.5.35/tests/test-rescan-nr'
make[4]: Entering directory `/usr/src/rpm/BUILD/flex-2.5.35/tests/test-rescan-nr'
make[4]: Nothing to be done for `install-exec-am'.
make[4]: Nothing to be done for `install-data-am'.
make[4]: Leaving directory `/usr/src/rpm/BUILD/flex-2.5.35/tests/test-rescan-nr'
make[3]: Leaving directory `/usr/src/rpm/BUILD/flex-2.5.35/tests/test-rescan-nr'
Making install in test-basic-nr
make[3]: Entering directory `/usr/src/rpm/BUILD/flex-2.5.35/tests/test-basic-nr'
make[4]: Entering directory `/usr/src/rpm/BUILD/flex-2.5.35/tests/test-basic-nr'
make[4]: Nothing to be done for `install-exec-am'.
make[4]: Nothing to be done for `install-data-am'.
make[4]: Leaving directory `/usr/src/rpm/BUILD/flex-2.5.35/tests/test-basic-nr'
make[3]: Leaving directory `/usr/src/rpm/BUILD/flex-2.5.35/tests/test-basic-nr'
Making install in test-basic-r
make[3]: Entering directory `/usr/src/rpm/BUILD/flex-2.5.35/tests/test-basic-r'
make[4]: Entering directory `/usr/src/rpm/BUILD/flex-2.5.35/tests/test-basic-r'
make[4]: Nothing to be done for `install-exec-am'.
make[4]: Nothing to be done for `install-data-am'.
make[4]: Leaving directory `/usr/src/rpm/BUILD/flex-2.5.35/tests/test-basic-r'
make[3]: Leaving directory `/usr/src/rpm/BUILD/flex-2.5.35/tests/test-basic-r'
Making install in test-bison-yylloc
make[3]: Entering directory `/usr/src/rpm/BUILD/flex-2.5.35/tests/test-bison-yylloc'
make[4]: Entering directory `/usr/src/rpm/BUILD/flex-2.5.35/tests/test-bison-yylloc'
make[4]: Nothing to be done for `install-exec-am'.
make[4]: Nothing to be done for `install-data-am'.
make[4]: Leaving directory `/usr/src/rpm/BUILD/flex-2.5.35/tests/test-bison-yylloc'
make[3]: Leaving directory `/usr/src/rpm/BUILD/flex-2.5.35/tests/test-bison-yylloc'
Making install in test-bison-yylval
make[3]: Entering directory `/usr/src/rpm/BUILD/flex-2.5.35/tests/test-bison-yylval'
make[4]: Entering directory `/usr/src/rpm/BUILD/flex-2.5.35/tests/test-bison-yylval'
make[4]: Nothing to be done for `install-exec-am'.
make[4]: Nothing to be done for `install-data-am'.
make[4]: Leaving directory `/usr/src/rpm/BUILD/flex-2.5.35/tests/test-bison-yylval'
make[3]: Leaving directory `/usr/src/rpm/BUILD/flex-2.5.35/tests/test-bison-yylval'
Making install in test-bison-nr
make[3]: Entering directory `/usr/src/rpm/BUILD/flex-2.5.35/tests/test-bison-nr'
make[4]: Entering directory `/usr/src/rpm/BUILD/flex-2.5.35/tests/test-bison-nr'
make[4]: Nothing to be done for `install-exec-am'.
make[4]: Nothing to be done for `install-data-am'.
make[4]: Leaving directory `/usr/src/rpm/BUILD/flex-2.5.35/tests/test-bison-nr'
make[3]: Leaving directory `/usr/src/rpm/BUILD/flex-2.5.35/tests/test-bison-nr'
Making install in test-multiple-scanners-nr
make[3]: Entering directory `/usr/src/rpm/BUILD/flex-2.5.35/tests/test-multiple-scanners-nr'
make[4]: Entering directory `/usr/src/rpm/BUILD/flex-2.5.35/tests/test-multiple-scanners-nr'
make[4]: Nothing to be done for `install-exec-am'.
make[4]: Nothing to be done for `install-data-am'.
make[4]: Leaving directory `/usr/src/rpm/BUILD/flex-2.5.35/tests/test-multiple-scanners-nr'
make[3]: Leaving directory `/usr/src/rpm/BUILD/flex-2.5.35/tests/test-multiple-scanners-nr'
Making install in test-multiple-scanners-r
make[3]: Entering directory `/usr/src/rpm/BUILD/flex-2.5.35/tests/test-multiple-scanners-r'
make[4]: Entering directory `/usr/src/rpm/BUILD/flex-2.5.35/tests/test-multiple-scanners-r'
make[4]: Nothing to be done for `install-exec-am'.
make[4]: Nothing to be done for `install-data-am'.
make[4]: Leaving directory `/usr/src/rpm/BUILD/flex-2.5.35/tests/test-multiple-scanners-r'
make[3]: Leaving directory `/usr/src/rpm/BUILD/flex-2.5.35/tests/test-multiple-scanners-r'
Making install in test-header-nr
make[3]: Entering directory `/usr/src/rpm/BUILD/flex-2.5.35/tests/test-header-nr'
make[4]: Entering directory `/usr/src/rpm/BUILD/flex-2.5.35/tests/test-header-nr'
make[4]: Nothing to be done for `install-exec-am'.
make[4]: Nothing to be done for `install-data-am'.
make[4]: Leaving directory `/usr/src/rpm/BUILD/flex-2.5.35/tests/test-header-nr'
make[3]: Leaving directory `/usr/src/rpm/BUILD/flex-2.5.35/tests/test-header-nr'
Making install in test-header-r
make[3]: Entering directory `/usr/src/rpm/BUILD/flex-2.5.35/tests/test-header-r'
make[4]: Entering directory `/usr/src/rpm/BUILD/flex-2.5.35/tests/test-header-r'
make[4]: Nothing to be done for `install-exec-am'.
make[4]: Nothing to be done for `install-data-am'.
make[4]: Leaving directory `/usr/src/rpm/BUILD/flex-2.5.35/tests/test-header-r'
make[3]: Leaving directory `/usr/src/rpm/BUILD/flex-2.5.35/tests/test-header-r'
Making install in test-reject
make[3]: Entering directory `/usr/src/rpm/BUILD/flex-2.5.35/tests/test-reject'
make[4]: Entering directory `/usr/src/rpm/BUILD/flex-2.5.35/tests/test-reject'
make[4]: Nothing to be done for `install-exec-am'.
make[4]: Nothing to be done for `install-data-am'.
make[4]: Leaving directory `/usr/src/rpm/BUILD/flex-2.5.35/tests/test-reject'
make[3]: Leaving directory `/usr/src/rpm/BUILD/flex-2.5.35/tests/test-reject'
Making install in test-c++-multiple-scanners
make[3]: Entering directory `/usr/src/rpm/BUILD/flex-2.5.35/tests/test-c++-multiple-scanners'
make[4]: Entering directory `/usr/src/rpm/BUILD/flex-2.5.35/tests/test-c++-multiple-scanners'
make[4]: Nothing to be done for `install-exec-am'.
make[4]: Nothing to be done for `install-data-am'.
make[4]: Leaving directory `/usr/src/rpm/BUILD/flex-2.5.35/tests/test-c++-multiple-scanners'
make[3]: Leaving directory `/usr/src/rpm/BUILD/flex-2.5.35/tests/test-c++-multiple-scanners'
Making install in test-c++-basic
make[3]: Entering directory `/usr/src/rpm/BUILD/flex-2.5.35/tests/test-c++-basic'
make[4]: Entering directory `/usr/src/rpm/BUILD/flex-2.5.35/tests/test-c++-basic'
make[4]: Nothing to be done for `install-exec-am'.
make[4]: Nothing to be done for `install-data-am'.
make[4]: Leaving directory `/usr/src/rpm/BUILD/flex-2.5.35/tests/test-c++-basic'
make[3]: Leaving directory `/usr/src/rpm/BUILD/flex-2.5.35/tests/test-c++-basic'
Making install in test-posixly-correct
make[3]: Entering directory `/usr/src/rpm/BUILD/flex-2.5.35/tests/test-posixly-correct'
make[4]: Entering directory `/usr/src/rpm/BUILD/flex-2.5.35/tests/test-posixly-correct'
make[4]: Nothing to be done for `install-exec-am'.
make[4]: Nothing to be done for `install-data-am'.
make[4]: Leaving directory `/usr/src/rpm/BUILD/flex-2.5.35/tests/test-posixly-correct'
make[3]: Leaving directory `/usr/src/rpm/BUILD/flex-2.5.35/tests/test-posixly-correct'
Making install in test-posix
make[3]: Entering directory `/usr/src/rpm/BUILD/flex-2.5.35/tests/test-posix'
make[4]: Entering directory `/usr/src/rpm/BUILD/flex-2.5.35/tests/test-posix'
make[4]: Nothing to be done for `install-exec-am'.
make[4]: Nothing to be done for `install-data-am'.
make[4]: Leaving directory `/usr/src/rpm/BUILD/flex-2.5.35/tests/test-posix'
make[3]: Leaving directory `/usr/src/rpm/BUILD/flex-2.5.35/tests/test-posix'
Making install in test-mem-r
make[3]: Entering directory `/usr/src/rpm/BUILD/flex-2.5.35/tests/test-mem-r'
make[4]: Entering directory `/usr/src/rpm/BUILD/flex-2.5.35/tests/test-mem-r'
make[4]: Nothing to be done for `install-exec-am'.
make[4]: Nothing to be done for `install-data-am'.
make[4]: Leaving directory `/usr/src/rpm/BUILD/flex-2.5.35/tests/test-mem-r'
make[3]: Leaving directory `/usr/src/rpm/BUILD/flex-2.5.35/tests/test-mem-r'
Making install in test-mem-nr
make[3]: Entering directory `/usr/src/rpm/BUILD/flex-2.5.35/tests/test-mem-nr'
make[4]: Entering directory `/usr/src/rpm/BUILD/flex-2.5.35/tests/test-mem-nr'
make[4]: Nothing to be done for `install-exec-am'.
make[4]: Nothing to be done for `install-data-am'.
make[4]: Leaving directory `/usr/src/rpm/BUILD/flex-2.5.35/tests/test-mem-nr'
make[3]: Leaving directory `/usr/src/rpm/BUILD/flex-2.5.35/tests/test-mem-nr'
Making install in test-debug-nr
make[3]: Entering directory `/usr/src/rpm/BUILD/flex-2.5.35/tests/test-debug-nr'
make[4]: Entering directory `/usr/src/rpm/BUILD/flex-2.5.35/tests/test-debug-nr'
make[4]: Nothing to be done for `install-exec-am'.
make[4]: Nothing to be done for `install-data-am'.
make[4]: Leaving directory `/usr/src/rpm/BUILD/flex-2.5.35/tests/test-debug-nr'
make[3]: Leaving directory `/usr/src/rpm/BUILD/flex-2.5.35/tests/test-debug-nr'
Making install in test-debug-r
make[3]: Entering directory `/usr/src/rpm/BUILD/flex-2.5.35/tests/test-debug-r'
make[4]: Entering directory `/usr/src/rpm/BUILD/flex-2.5.35/tests/test-debug-r'
make[4]: Nothing to be done for `install-exec-am'.
make[4]: Nothing to be done for `install-data-am'.
make[4]: Leaving directory `/usr/src/rpm/BUILD/flex-2.5.35/tests/test-debug-r'
make[3]: Leaving directory `/usr/src/rpm/BUILD/flex-2.5.35/tests/test-debug-r'
Making install in test-lineno-r
make[3]: Entering directory `/usr/src/rpm/BUILD/flex-2.5.35/tests/test-lineno-r'
make[4]: Entering directory `/usr/src/rpm/BUILD/flex-2.5.35/tests/test-lineno-r'
make[4]: Nothing to be done for `install-exec-am'.
make[4]: Nothing to be done for `install-data-am'.
make[4]: Leaving directory `/usr/src/rpm/BUILD/flex-2.5.35/tests/test-lineno-r'
make[3]: Leaving directory `/usr/src/rpm/BUILD/flex-2.5.35/tests/test-lineno-r'
Making install in test-lineno-nr
make[3]: Entering directory `/usr/src/rpm/BUILD/flex-2.5.35/tests/test-lineno-nr'
make[4]: Entering directory `/usr/src/rpm/BUILD/flex-2.5.35/tests/test-lineno-nr'
make[4]: Nothing to be done for `install-exec-am'.
make[4]: Nothing to be done for `install-data-am'.
make[4]: Leaving directory `/usr/src/rpm/BUILD/flex-2.5.35/tests/test-lineno-nr'
make[3]: Leaving directory `/usr/src/rpm/BUILD/flex-2.5.35/tests/test-lineno-nr'
Making install in test-linedir-r
make[3]: Entering directory `/usr/src/rpm/BUILD/flex-2.5.35/tests/test-linedir-r'
make[4]: Entering directory `/usr/src/rpm/BUILD/flex-2.5.35/tests/test-linedir-r'
make[4]: Nothing to be done for `install-exec-am'.
make[4]: Nothing to be done for `install-data-am'.
make[4]: Leaving directory `/usr/src/rpm/BUILD/flex-2.5.35/tests/test-linedir-r'
make[3]: Leaving directory `/usr/src/rpm/BUILD/flex-2.5.35/tests/test-linedir-r'
Making install in test-array-nr
make[3]: Entering directory `/usr/src/rpm/BUILD/flex-2.5.35/tests/test-array-nr'
make[4]: Entering directory `/usr/src/rpm/BUILD/flex-2.5.35/tests/test-array-nr'
make[4]: Nothing to be done for `install-exec-am'.
make[4]: Nothing to be done for `install-data-am'.
make[4]: Leaving directory `/usr/src/rpm/BUILD/flex-2.5.35/tests/test-array-nr'
make[3]: Leaving directory `/usr/src/rpm/BUILD/flex-2.5.35/tests/test-array-nr'
Making install in test-array-r
make[3]: Entering directory `/usr/src/rpm/BUILD/flex-2.5.35/tests/test-array-r'
make[4]: Entering directory `/usr/src/rpm/BUILD/flex-2.5.35/tests/test-array-r'
make[4]: Nothing to be done for `install-exec-am'.
make[4]: Nothing to be done for `install-data-am'.
make[4]: Leaving directory `/usr/src/rpm/BUILD/flex-2.5.35/tests/test-array-r'
make[3]: Leaving directory `/usr/src/rpm/BUILD/flex-2.5.35/tests/test-array-r'
Making install in test-c-cpp-nr
make[3]: Entering directory `/usr/src/rpm/BUILD/flex-2.5.35/tests/test-c-cpp-nr'
make[4]: Entering directory `/usr/src/rpm/BUILD/flex-2.5.35/tests/test-c-cpp-nr'
make[4]: Nothing to be done for `install-exec-am'.
make[4]: Nothing to be done for `install-data-am'.
make[4]: Leaving directory `/usr/src/rpm/BUILD/flex-2.5.35/tests/test-c-cpp-nr'
make[3]: Leaving directory `/usr/src/rpm/BUILD/flex-2.5.35/tests/test-c-cpp-nr'
Making install in test-c-cpp-r
make[3]: Entering directory `/usr/src/rpm/BUILD/flex-2.5.35/tests/test-c-cpp-r'
make[4]: Entering directory `/usr/src/rpm/BUILD/flex-2.5.35/tests/test-c-cpp-r'
make[4]: Nothing to be done for `install-exec-am'.
make[4]: Nothing to be done for `install-data-am'.
make[4]: Leaving directory `/usr/src/rpm/BUILD/flex-2.5.35/tests/test-c-cpp-r'
make[3]: Leaving directory `/usr/src/rpm/BUILD/flex-2.5.35/tests/test-c-cpp-r'
Making install in test-include-by-buffer
make[3]: Entering directory `/usr/src/rpm/BUILD/flex-2.5.35/tests/test-include-by-buffer'
make[4]: Entering directory `/usr/src/rpm/BUILD/flex-2.5.35/tests/test-include-by-buffer'
make[4]: Nothing to be done for `install-exec-am'.
make[4]: Nothing to be done for `install-data-am'.
make[4]: Leaving directory `/usr/src/rpm/BUILD/flex-2.5.35/tests/test-include-by-buffer'
make[3]: Leaving directory `/usr/src/rpm/BUILD/flex-2.5.35/tests/test-include-by-buffer'
Making install in test-include-by-push
make[3]: Entering directory `/usr/src/rpm/BUILD/flex-2.5.35/tests/test-include-by-push'
make[4]: Entering directory `/usr/src/rpm/BUILD/flex-2.5.35/tests/test-include-by-push'
make[4]: Nothing to be done for `install-exec-am'.
make[4]: Nothing to be done for `install-data-am'.
make[4]: Leaving directory `/usr/src/rpm/BUILD/flex-2.5.35/tests/test-include-by-push'
make[3]: Leaving directory `/usr/src/rpm/BUILD/flex-2.5.35/tests/test-include-by-push'
Making install in test-include-by-reentrant
make[3]: Entering directory `/usr/src/rpm/BUILD/flex-2.5.35/tests/test-include-by-reentrant'
make[4]: Entering directory `/usr/src/rpm/BUILD/flex-2.5.35/tests/test-include-by-reentrant'
make[4]: Nothing to be done for `install-exec-am'.
make[4]: Nothing to be done for `install-data-am'.
make[4]: Leaving directory `/usr/src/rpm/BUILD/flex-2.5.35/tests/test-include-by-reentrant'
make[3]: Leaving directory `/usr/src/rpm/BUILD/flex-2.5.35/tests/test-include-by-reentrant'
Making install in test-prefix-nr
make[3]: Entering directory `/usr/src/rpm/BUILD/flex-2.5.35/tests/test-prefix-nr'
make[4]: Entering directory `/usr/src/rpm/BUILD/flex-2.5.35/tests/test-prefix-nr'
make[4]: Nothing to be done for `install-exec-am'.
make[4]: Nothing to be done for `install-data-am'.
make[4]: Leaving directory `/usr/src/rpm/BUILD/flex-2.5.35/tests/test-prefix-nr'
make[3]: Leaving directory `/usr/src/rpm/BUILD/flex-2.5.35/tests/test-prefix-nr'
Making install in test-prefix-r
make[3]: Entering directory `/usr/src/rpm/BUILD/flex-2.5.35/tests/test-prefix-r'
make[4]: Entering directory `/usr/src/rpm/BUILD/flex-2.5.35/tests/test-prefix-r'
make[4]: Nothing to be done for `install-exec-am'.
make[4]: Nothing to be done for `install-data-am'.
make[4]: Leaving directory `/usr/src/rpm/BUILD/flex-2.5.35/tests/test-prefix-r'
make[3]: Leaving directory `/usr/src/rpm/BUILD/flex-2.5.35/tests/test-prefix-r'
Making install in test-pthread
make[3]: Entering directory `/usr/src/rpm/BUILD/flex-2.5.35/tests/test-pthread'
make[4]: Entering directory `/usr/src/rpm/BUILD/flex-2.5.35/tests/test-pthread'
make[4]: Nothing to be done for `install-exec-am'.
make[4]: Nothing to be done for `install-data-am'.
make[4]: Leaving directory `/usr/src/rpm/BUILD/flex-2.5.35/tests/test-pthread'
make[3]: Leaving directory `/usr/src/rpm/BUILD/flex-2.5.35/tests/test-pthread'
Making install in test-string-nr
make[3]: Entering directory `/usr/src/rpm/BUILD/flex-2.5.35/tests/test-string-nr'
make[4]: Entering directory `/usr/src/rpm/BUILD/flex-2.5.35/tests/test-string-nr'
make[4]: Nothing to be done for `install-exec-am'.
make[4]: Nothing to be done for `install-data-am'.
make[4]: Leaving directory `/usr/src/rpm/BUILD/flex-2.5.35/tests/test-string-nr'
make[3]: Leaving directory `/usr/src/rpm/BUILD/flex-2.5.35/tests/test-string-nr'
Making install in test-string-r
make[3]: Entering directory `/usr/src/rpm/BUILD/flex-2.5.35/tests/test-string-r'
make[4]: Entering directory `/usr/src/rpm/BUILD/flex-2.5.35/tests/test-string-r'
make[4]: Nothing to be done for `install-exec-am'.
make[4]: Nothing to be done for `install-data-am'.
make[4]: Leaving directory `/usr/src/rpm/BUILD/flex-2.5.35/tests/test-string-r'
make[3]: Leaving directory `/usr/src/rpm/BUILD/flex-2.5.35/tests/test-string-r'
Making install in test-yyextra
make[3]: Entering directory `/usr/src/rpm/BUILD/flex-2.5.35/tests/test-yyextra'
make[4]: Entering directory `/usr/src/rpm/BUILD/flex-2.5.35/tests/test-yyextra'
make[4]: Nothing to be done for `install-exec-am'.
make[4]: Nothing to be done for `install-data-am'.
make[4]: Leaving directory `/usr/src/rpm/BUILD/flex-2.5.35/tests/test-yyextra'
make[3]: Leaving directory `/usr/src/rpm/BUILD/flex-2.5.35/tests/test-yyextra'
Making install in test-alloc-extra
make[3]: Entering directory `/usr/src/rpm/BUILD/flex-2.5.35/tests/test-alloc-extra'
make[4]: Entering directory `/usr/src/rpm/BUILD/flex-2.5.35/tests/test-alloc-extra'
make[4]: Nothing to be done for `install-exec-am'.
make[4]: Nothing to be done for `install-data-am'.
make[4]: Leaving directory `/usr/src/rpm/BUILD/flex-2.5.35/tests/test-alloc-extra'
make[3]: Leaving directory `/usr/src/rpm/BUILD/flex-2.5.35/tests/test-alloc-extra'
Making install in test-noansi-nr
make[3]: Entering directory `/usr/src/rpm/BUILD/flex-2.5.35/tests/test-noansi-nr'
make[4]: Entering directory `/usr/src/rpm/BUILD/flex-2.5.35/tests/test-noansi-nr'
make[4]: Nothing to be done for `install-exec-am'.
make[4]: Nothing to be done for `install-data-am'.
make[4]: Leaving directory `/usr/src/rpm/BUILD/flex-2.5.35/tests/test-noansi-nr'
make[3]: Leaving directory `/usr/src/rpm/BUILD/flex-2.5.35/tests/test-noansi-nr'
Making install in test-noansi-r
make[3]: Entering directory `/usr/src/rpm/BUILD/flex-2.5.35/tests/test-noansi-r'
make[4]: Entering directory `/usr/src/rpm/BUILD/flex-2.5.35/tests/test-noansi-r'
make[4]: Nothing to be done for `install-exec-am'.
make[4]: Nothing to be done for `install-data-am'.
make[4]: Leaving directory `/usr/src/rpm/BUILD/flex-2.5.35/tests/test-noansi-r'
make[3]: Leaving directory `/usr/src/rpm/BUILD/flex-2.5.35/tests/test-noansi-r'
Making install in test-top
make[3]: Entering directory `/usr/src/rpm/BUILD/flex-2.5.35/tests/test-top'
make[4]: Entering directory `/usr/src/rpm/BUILD/flex-2.5.35/tests/test-top'
make[4]: Nothing to be done for `install-exec-am'.
make[4]: Nothing to be done for `install-data-am'.
make[4]: Leaving directory `/usr/src/rpm/BUILD/flex-2.5.35/tests/test-top'
make[3]: Leaving directory `/usr/src/rpm/BUILD/flex-2.5.35/tests/test-top'
Making install in test-table-opts
make[3]: Entering directory `/usr/src/rpm/BUILD/flex-2.5.35/tests/test-table-opts'
make[4]: Entering directory `/usr/src/rpm/BUILD/flex-2.5.35/tests/test-table-opts'
make[4]: Nothing to be done for `install-exec-am'.
make[4]: Nothing to be done for `install-data-am'.
make[4]: Leaving directory `/usr/src/rpm/BUILD/flex-2.5.35/tests/test-table-opts'
make[3]: Leaving directory `/usr/src/rpm/BUILD/flex-2.5.35/tests/test-table-opts'
make[3]: Entering directory `/usr/src/rpm/BUILD/flex-2.5.35/tests'
make[4]: Entering directory `/usr/src/rpm/BUILD/flex-2.5.35/tests'
make[4]: Nothing to be done for `install-exec-am'.
make[4]: Nothing to be done for `install-data-am'.
make[4]: Leaving directory `/usr/src/rpm/BUILD/flex-2.5.35/tests'
make[3]: Leaving directory `/usr/src/rpm/BUILD/flex-2.5.35/tests'
make[2]: Leaving directory `/usr/src/rpm/BUILD/flex-2.5.35/tests'
make[1]: Leaving directory `/usr/src/rpm/BUILD/flex-2.5.35'
+ ln -sv libfl.a /var/tmp/flex-root/usr/lib64/libl.a
`/var/tmp/flex-root/usr/lib64/libl.a' -> `libfl.a'
+ cat
+ chmod -v 755 /var/tmp/flex-root/usr/bin/lex
mode of `/var/tmp/flex-root/usr/bin/lex' changed to 0755 (rwxr-xr-x)
+ rm -f /var/tmp/flex-root/usr/share/info/dir
+ /usr/lib/rpm/compress_man.sh /var/tmp/flex-root
+ ln -sv flex.1.bz2 /var/tmp/flex-root/usr/share/man/man1/lex.1.bz2
`/var/tmp/flex-root/usr/share/man/man1/lex.1.bz2' -> `flex.1.bz2'
+ /usr/lib/rpm/strip.sh /var/tmp/flex-root
+ /usr/lib/rpm/find-lang.sh /var/tmp/flex-root flex
+ exit 0
Processing files: flex-2.5.35-2.x86_64
Requires(interp): /bin/sh /bin/sh
Requires(post): /bin/sh /usr/bin/install-info
Requires(preun): /bin/sh /usr/bin/install-info
Requires: /bin/sh /usr/bin/install-info /usr/bin/install-info libc.so.6()(64bit) libc.so.6(GLIBC_2.2.5)(64bit) libc.so.6(GLIBC_2.3)(64bit) libc.so.6(GLIBC_2.3.4)(64bit) libc.so.6(GLIBC_2.7)(64bit) libm.so.6()(64bit) libm.so.6(GLIBC_2.2.5)(64bit)
Processing files: flex-devel-2.5.35-2.x86_64
Checking for unpackaged file(s): /usr/lib/rpm/check-files /var/tmp/flex-root
Wrote: /usr/src/rpm/SRPMS/flex-2.5.35-2.src.rpm
Wrote: /usr/src/rpm/RPMS/x86_64/flex-2.5.35-2.x86_64.rpm
Wrote: /usr/src/rpm/RPMS/x86_64/flex-devel-2.5.35-2.x86_64.rpm
Executing(%clean): /bin/sh -e /var/tmp/rpm-tmp.61995
+ umask 022
+ cd /usr/src/rpm/BUILD
+ cd flex-2.5.35
+ /bin/rm -rf /var/tmp/flex-root
